[ 2022-04-01T06:53:28+08:00 ] 222.134.125.46 /
INFO: [ app_init ] --START--
INFO: Run Behavior\BuildLiteBehavior [ RunTime:0.000006s ]
INFO: [ app_init ] --END-- [ RunTime:0.000158s ]
INFO: [ app_begin ] --START--
INFO: Run Behavior\ReadHtmlCacheBehavior [ RunTime:0.000268s ]
INFO: [ app_begin ] --END-- [ RunTime:0.000292s ]
INFO: [ view_parse ] --START--
INFO: [ template_filter ] --START--
INFO: Run Behavior\ContentReplaceBehavior [ RunTime:0.000016s ]
INFO: [ template_filter ] --END-- [ RunTime:0.000038s ]
INFO: Run Behavior\ParseTemplateBehavior [ RunTime:0.002725s ]
INFO: [ view_parse ] --END-- [ RunTime:0.002749s ]
INFO: [ view_filter ] --START--
INFO: Run Behavior\WriteHtmlCacheBehavior [ RunTime:0.000104s ]
INFO: [ view_filter ] --END-- [ RunTime:0.000121s ]
INFO: [ app_end ] --START--
INFO: Run Behavior\ShowPageTraceBehavior [ RunTime:0.000267s ]
INFO: [ app_end ] --END-- [ RunTime:0.000286s ]

[ 2022-04-01T06:53:38+08:00 ] 222.134.125.46 /index.php/Index/loginHandle.html
INFO: [ app_init ] --START--
INFO: Run Behavior\BuildLiteBehavior [ RunTime:0.000006s ]
INFO: [ app_init ] --END-- [ RunTime:0.000173s ]
INFO: [ app_begin ] --START--
INFO: Run Behavior\ReadHtmlCacheBehavior [ RunTime:0.000218s ]
INFO: [ app_begin ] --END-- [ RunTime:0.000239s ]
NOTIC: [8192] mysql_connect(): The mysql extension is deprecated and will be removed in the future: use mysqli or PDO instead /www/wwwroot/nj.imlsr.top/ThinkPHP/Library/Think/Db/Driver/Mysql.class.php 第 52 行.
SQL: SHOW COLUMNS FROM `people` [ RunTime:0.000470s ]
SQL: SELECT * FROM `people` WHERE ( `name` = '王大为' ) LIMIT 1   [ RunTime:0.000165s ]
SQL: SHOW COLUMNS FROM `time` [ RunTime:0.000366s ]
SQL: SELECT * FROM `time` WHERE ( `people_id` = 17 )  [ RunTime:0.000150s ]
SQL: INSERT INTO `time` (`endTime`,`people_id`) VALUES (1648767218,17) [ RunTime:0.004482s ]
INFO: [ view_parse ] --START--
INFO: [ template_filter ] --START--
INFO: Run Behavior\ContentReplaceBehavior [ RunTime:0.000014s ]
INFO: [ template_filter ] --END-- [ RunTime:0.000037s ]
INFO: Run Behavior\ParseTemplateBehavior [ RunTime:0.002862s ]
INFO: [ view_parse ] --END-- [ RunTime:0.002885s ]
INFO: [ view_filter ] --START--
INFO: Run Behavior\WriteHtmlCacheBehavior [ RunTime:0.000086s ]
INFO: [ view_filter ] --END-- [ RunTime:0.000101s ]
INFO: [ app_end ] --START--
INFO: Run Behavior\ShowPageTraceBehavior [ RunTime:0.000283s ]
INFO: [ app_end ] --END-- [ RunTime:0.000303s ]

[ 2022-04-01T06:54:36+08:00 ] 223.96.66.218 /
INFO: [ app_init ] --START--
INFO: Run Behavior\BuildLiteBehavior [ RunTime:0.000006s ]
INFO: [ app_init ] --END-- [ RunTime:0.000172s ]
INFO: [ app_begin ] --START--
INFO: Run Behavior\ReadHtmlCacheBehavior [ RunTime:0.000214s ]
INFO: [ app_begin ] --END-- [ RunTime:0.000236s ]
INFO: [ view_parse ] --START--
INFO: [ template_filter ] --START--
INFO: Run Behavior\ContentReplaceBehavior [ RunTime:0.000016s ]
INFO: [ template_filter ] --END-- [ RunTime:0.000037s ]
INFO: Run Behavior\ParseTemplateBehavior [ RunTime:0.002787s ]
INFO: [ view_parse ] --END-- [ RunTime:0.002809s ]
INFO: [ view_filter ] --START--
INFO: Run Behavior\WriteHtmlCacheBehavior [ RunTime:0.000085s ]
INFO: [ view_filter ] --END-- [ RunTime:0.000101s ]
INFO: [ app_end ] --START--
INFO: Run Behavior\ShowPageTraceBehavior [ RunTime:0.000272s ]
INFO: [ app_end ] --END-- [ RunTime:0.000291s ]

[ 2022-04-01T06:54:45+08:00 ] 223.96.66.218 /index.php/Index/loginHandle.html
INFO: [ app_init ] --START--
INFO: Run Behavior\BuildLiteBehavior [ RunTime:0.000006s ]
INFO: [ app_init ] --END-- [ RunTime:0.000171s ]
INFO: [ app_begin ] --START--
INFO: Run Behavior\ReadHtmlCacheBehavior [ RunTime:0.000217s ]
INFO: [ app_begin ] --END-- [ RunTime:0.000239s ]
NOTIC: [8192] mysql_connect(): The mysql extension is deprecated and will be removed in the future: use mysqli or PDO instead /www/wwwroot/nj.imlsr.top/ThinkPHP/Library/Think/Db/Driver/Mysql.class.php 第 52 行.
SQL: SHOW COLUMNS FROM `people` [ RunTime:0.000485s ]
SQL: SELECT * FROM `people` WHERE ( `name` = '李尚儒' ) LIMIT 1   [ RunTime:0.000237s ]
SQL: SHOW COLUMNS FROM `time` [ RunTime:0.000330s ]
SQL: SELECT * FROM `time` WHERE ( `people_id` = 14 )  [ RunTime:0.000212s ]
SQL: INSERT INTO `time` (`endTime`,`people_id`) VALUES (1648767285,14) [ RunTime:0.003952s ]
INFO: [ view_parse ] --START--
INFO: [ template_filter ] --START--
INFO: Run Behavior\ContentReplaceBehavior [ RunTime:0.000013s ]
INFO: [ template_filter ] --END-- [ RunTime:0.000034s ]
INFO: Run Behavior\ParseTemplateBehavior [ RunTime:0.002599s ]
INFO: [ view_parse ] --END-- [ RunTime:0.002623s ]
INFO: [ view_filter ] --START--
INFO: Run Behavior\WriteHtmlCacheBehavior [ RunTime:0.000082s ]
INFO: [ view_filter ] --END-- [ RunTime:0.000098s ]
INFO: [ app_end ] --START--
INFO: Run Behavior\ShowPageTraceBehavior [ RunTime:0.000238s ]
INFO: [ app_end ] --END-- [ RunTime:0.000254s ]

[ 2022-04-01T06:56:36+08:00 ] 223.96.64.179 /
INFO: [ app_init ] --START--
INFO: Run Behavior\BuildLiteBehavior [ RunTime:0.000006s ]
INFO: [ app_init ] --END-- [ RunTime:0.000158s ]
INFO: [ app_begin ] --START--
INFO: Run Behavior\ReadHtmlCacheBehavior [ RunTime:0.000215s ]
INFO: [ app_begin ] --END-- [ RunTime:0.000234s ]
INFO: [ view_parse ] --START--
INFO: [ template_filter ] --START--
INFO: Run Behavior\ContentReplaceBehavior [ RunTime:0.000016s ]
INFO: [ template_filter ] --END-- [ RunTime:0.000037s ]
INFO: Run Behavior\ParseTemplateBehavior [ RunTime:0.002799s ]
INFO: [ view_parse ] --END-- [ RunTime:0.002823s ]
INFO: [ view_filter ] --START--
INFO: Run Behavior\WriteHtmlCacheBehavior [ RunTime:0.000121s ]
INFO: [ view_filter ] --END-- [ RunTime:0.000149s ]
INFO: [ app_end ] --START--
INFO: Run Behavior\ShowPageTraceBehavior [ RunTime:0.000276s ]
INFO: [ app_end ] --END-- [ RunTime:0.000299s ]

[ 2022-04-01T06:56:38+08:00 ] 223.96.64.179 /index.php/Index/loginHandle.html
INFO: [ app_init ] --START--
INFO: Run Behavior\BuildLiteBehavior [ RunTime:0.000006s ]
INFO: [ app_init ] --END-- [ RunTime:0.000165s ]
INFO: [ app_begin ] --START--
INFO: Run Behavior\ReadHtmlCacheBehavior [ RunTime:0.000260s ]
INFO: [ app_begin ] --END-- [ RunTime:0.000284s ]
INFO: [ view_parse ] --START--
INFO: [ template_filter ] --START--
INFO: Run Behavior\ContentReplaceBehavior [ RunTime:0.000012s ]
INFO: [ template_filter ] --END-- [ RunTime:0.000033s ]
INFO: Run Behavior\ParseTemplateBehavior [ RunTime:0.002679s ]
INFO: [ view_parse ] --END-- [ RunTime:0.002702s ]
INFO: [ view_filter ] --START--
INFO: Run Behavior\WriteHtmlCacheBehavior [ RunTime:0.000085s ]
INFO: [ view_filter ] --END-- [ RunTime:0.000100s ]

[ 2022-04-01T06:56:48+08:00 ] 223.96.64.179 /index.php/Index/loginHandle.html
INFO: [ app_init ] --START--
INFO: Run Behavior\BuildLiteBehavior [ RunTime:0.000006s ]
INFO: [ app_init ] --END-- [ RunTime:0.000154s ]
INFO: [ app_begin ] --START--
INFO: Run Behavior\ReadHtmlCacheBehavior [ RunTime:0.000216s ]
INFO: [ app_begin ] --END-- [ RunTime:0.000238s ]
NOTIC: [8192] mysql_connect(): The mysql extension is deprecated and will be removed in the future: use mysqli or PDO instead /www/wwwroot/nj.imlsr.top/ThinkPHP/Library/Think/Db/Driver/Mysql.class.php 第 52 行.
SQL: SHOW COLUMNS FROM `people` [ RunTime:0.000385s ]
SQL: SELECT * FROM `people` WHERE ( `name` = '姜博涵' ) LIMIT 1   [ RunTime:0.000149s ]
SQL: SHOW COLUMNS FROM `time` [ RunTime:0.000282s ]
SQL: SELECT * FROM `time` WHERE ( `people_id` = 21 )  [ RunTime:0.000154s ]
SQL: INSERT INTO `time` (`endTime`,`people_id`) VALUES (1648767408,21) [ RunTime:0.006549s ]
INFO: [ view_parse ] --START--
INFO: [ template_filter ] --START--
INFO: Run Behavior\ContentReplaceBehavior [ RunTime:0.000016s ]
INFO: [ template_filter ] --END-- [ RunTime:0.000051s ]
INFO: Run Behavior\ParseTemplateBehavior [ RunTime:0.002605s ]
INFO: [ view_parse ] --END-- [ RunTime:0.002627s ]
INFO: [ view_filter ] --START--
INFO: Run Behavior\WriteHtmlCacheBehavior [ RunTime:0.000083s ]
INFO: [ view_filter ] --END-- [ RunTime:0.000099s ]
INFO: [ app_end ] --START--
INFO: Run Behavior\ShowPageTraceBehavior [ RunTime:0.000226s ]
INFO: [ app_end ] --END-- [ RunTime:0.000243s ]

[ 2022-04-01T06:56:53+08:00 ] 223.96.64.179 /index.php/Index/day.html?name=%E5%A7%9C%E5%8D%9A%E6%B6%B5
INFO: [ app_init ] --START--
INFO: Run Behavior\BuildLiteBehavior [ RunTime:0.000005s ]
INFO: [ app_init ] --END-- [ RunTime:0.000158s ]
INFO: [ app_begin ] --START--
INFO: Run Behavior\ReadHtmlCacheBehavior [ RunTime:0.000226s ]
INFO: [ app_begin ] --END-- [ RunTime:0.000248s ]
NOTIC: [8192] mysql_connect(): The mysql extension is deprecated and will be removed in the future: use mysqli or PDO instead /www/wwwroot/nj.imlsr.top/ThinkPHP/Library/Think/Db/Driver/Mysql.class.php 第 52 行.
SQL: SHOW COLUMNS FROM `people` [ RunTime:0.000436s ]
SQL: SELECT * FROM `people`  [ RunTime:0.000141s ]
SQL: SHOW COLUMNS FROM `time` [ RunTime:0.000283s ]
SQL: SELECT * FROM `time` WHERE ( `people_id` = 14 )  [ RunTime:0.000182s ]
SQL: SELECT * FROM `time` WHERE ( `people_id` = 15 )  [ RunTime:0.000151s ]
SQL: SELECT * FROM `time` WHERE ( `people_id` = 16 )  [ RunTime:0.000135s ]
SQL: SELECT * FROM `time` WHERE ( `people_id` = 17 )  [ RunTime:0.000131s ]
SQL: SELECT * FROM `time` WHERE ( `people_id` = 18 )  [ RunTime:0.000150s ]
SQL: SELECT * FROM `time` WHERE ( `people_id` = 19 )  [ RunTime:0.000151s ]
SQL: SELECT * FROM `time` WHERE ( `people_id` = 20 )  [ RunTime:0.000130s ]
SQL: SELECT * FROM `time` WHERE ( `people_id` = 21 )  [ RunTime:0.000131s ]
INFO: [ view_parse ] --START--
INFO: [ template_filter ] --START--
INFO: Run Behavior\ContentReplaceBehavior [ RunTime:0.000020s ]
INFO: [ template_filter ] --END-- [ RunTime:0.000041s ]
INFO: Run Behavior\ParseTemplateBehavior [ RunTime:0.003326s ]
INFO: [ view_parse ] --END-- [ RunTime:0.003350s ]
INFO: [ view_filter ] --START--
INFO: Run Behavior\WriteHtmlCacheBehavior [ RunTime:0.000091s ]
INFO: [ view_filter ] --END-- [ RunTime:0.000106s ]
INFO: [ app_end ] --START--
INFO: Run Behavior\ShowPageTraceBehavior [ RunTime:0.000226s ]
INFO: [ app_end ] --END-- [ RunTime:0.000245s ]

[ 2022-04-01T06:57:55+08:00 ] 101.89.29.78 /index.php/Index/day.html?name=%E5%A7%9C%E5%8D%9A%E6%B6%B5
INFO: [ app_init ] --START--
INFO: Run Behavior\BuildLiteBehavior [ RunTime:0.000006s ]
INFO: [ app_init ] --END-- [ RunTime:0.000162s ]
INFO: [ app_begin ] --START--
INFO: Run Behavior\ReadHtmlCacheBehavior [ RunTime:0.000256s ]
INFO: [ app_begin ] --END-- [ RunTime:0.000297s ]
NOTIC: [8192] mysql_connect(): The mysql extension is deprecated and will be removed in the future: use mysqli or PDO instead /www/wwwroot/nj.imlsr.top/ThinkPHP/Library/Think/Db/Driver/Mysql.class.php 第 52 行.
SQL: SHOW COLUMNS FROM `people` [ RunTime:0.000391s ]
SQL: SELECT * FROM `people`  [ RunTime:0.000144s ]
SQL: SHOW COLUMNS FROM `time` [ RunTime:0.000276s ]
SQL: SELECT * FROM `time` WHERE ( `people_id` = 14 )  [ RunTime:0.000166s ]
SQL: SELECT * FROM `time` WHERE ( `people_id` = 15 )  [ RunTime:0.000164s ]
SQL: SELECT * FROM `time` WHERE ( `people_id` = 16 )  [ RunTime:0.000135s ]
SQL: SELECT * FROM `time` WHERE ( `people_id` = 17 )  [ RunTime:0.000131s ]
SQL: SELECT * FROM `time` WHERE ( `people_id` = 18 )  [ RunTime:0.000131s ]
SQL: SELECT * FROM `time` WHERE ( `people_id` = 19 )  [ RunTime:0.000167s ]
SQL: SELECT * FROM `time` WHERE ( `people_id` = 20 )  [ RunTime:0.000132s ]
SQL: SELECT * FROM `time` WHERE ( `people_id` = 21 )  [ RunTime:0.000131s ]
INFO: [ view_parse ] --START--
INFO: [ template_filter ] --START--
INFO: Run Behavior\ContentReplaceBehavior [ RunTime:0.000021s ]
INFO: [ template_filter ] --END-- [ RunTime:0.000041s ]
INFO: Run Behavior\ParseTemplateBehavior [ RunTime:0.003392s ]
INFO: [ view_parse ] --END-- [ RunTime:0.003412s ]
INFO: [ view_filter ] --START--
INFO: Run Behavior\WriteHtmlCacheBehavior [ RunTime:0.000100s ]
INFO: [ view_filter ] --END-- [ RunTime:0.000118s ]
INFO: [ app_end ] --START--
INFO: Run Behavior\ShowPageTraceBehavior [ RunTime:0.000232s ]
INFO: [ app_end ] --END-- [ RunTime:0.000280s ]

[ 2022-04-01T06:59:25+08:00 ] 223.96.64.69 /
INFO: [ app_init ] --START--
INFO: Run Behavior\BuildLiteBehavior [ RunTime:0.000006s ]
INFO: [ app_init ] --END-- [ RunTime:0.000157s ]
INFO: [ app_begin ] --START--
INFO: Run Behavior\ReadHtmlCacheBehavior [ RunTime:0.000256s ]
INFO: [ app_begin ] --END-- [ RunTime:0.000279s ]
INFO: [ view_parse ] --START--
INFO: [ template_filter ] --START--
INFO: Run Behavior\ContentReplaceBehavior [ RunTime:0.000016s ]
INFO: [ template_filter ] --END-- [ RunTime:0.000037s ]
INFO: Run Behavior\ParseTemplateBehavior [ RunTime:0.002529s ]
INFO: [ view_parse ] --END-- [ RunTime:0.002549s ]
INFO: [ view_filter ] --START--
INFO: Run Behavior\WriteHtmlCacheBehavior [ RunTime:0.000083s ]
INFO: [ view_filter ] --END-- [ RunTime:0.000098s ]
INFO: [ app_end ] --START--
INFO: Run Behavior\ShowPageTraceBehavior [ RunTime:0.000243s ]
INFO: [ app_end ] --END-- [ RunTime:0.000262s ]

[ 2022-04-01T06:59:30+08:00 ] 223.96.64.69 /index.php/Index/loginHandle.html
INFO: [ app_init ] --START--
INFO: Run Behavior\BuildLiteBehavior [ RunTime:0.000006s ]
INFO: [ app_init ] --END-- [ RunTime:0.000161s ]
INFO: [ app_begin ] --START--
INFO: Run Behavior\ReadHtmlCacheBehavior [ RunTime:0.000215s ]
INFO: [ app_begin ] --END-- [ RunTime:0.000236s ]
NOTIC: [8192] mysql_connect(): The mysql extension is deprecated and will be removed in the future: use mysqli or PDO instead /www/wwwroot/nj.imlsr.top/ThinkPHP/Library/Think/Db/Driver/Mysql.class.php 第 52 行.
SQL: SHOW COLUMNS FROM `people` [ RunTime:0.000454s ]
SQL: SELECT * FROM `people` WHERE ( `name` = '黄家俊' ) LIMIT 1   [ RunTime:0.000156s ]
SQL: SHOW COLUMNS FROM `time` [ RunTime:0.000326s ]
SQL: SELECT * FROM `time` WHERE ( `people_id` = 19 )  [ RunTime:0.000148s ]
SQL: INSERT INTO `time` (`endTime`,`people_id`) VALUES (1648767570,19) [ RunTime:0.002867s ]
INFO: [ view_parse ] --START--
INFO: [ template_filter ] --START--
INFO: Run Behavior\ContentReplaceBehavior [ RunTime:0.000017s ]
INFO: [ template_filter ] --END-- [ RunTime:0.000040s ]
INFO: Run Behavior\ParseTemplateBehavior [ RunTime:0.002921s ]
INFO: [ view_parse ] --END-- [ RunTime:0.002944s ]
INFO: [ view_filter ] --START--
INFO: Run Behavior\WriteHtmlCacheBehavior [ RunTime:0.000088s ]
INFO: [ view_filter ] --END-- [ RunTime:0.000103s ]
INFO: [ app_end ] --START--
INFO: Run Behavior\ShowPageTraceBehavior [ RunTime:0.000245s ]
INFO: [ app_end ] --END-- [ RunTime:0.000263s ]

[ 2022-04-01T07:03:35+08:00 ] 223.96.66.10 /
INFO: [ app_init ] --START--
INFO: Run Behavior\BuildLiteBehavior [ RunTime:0.000006s ]
INFO: [ app_init ] --END-- [ RunTime:0.000158s ]
INFO: [ app_begin ] --START--
INFO: Run Behavior\ReadHtmlCacheBehavior [ RunTime:0.000226s ]
INFO: [ app_begin ] --END-- [ RunTime:0.000245s ]
INFO: [ view_parse ] --START--
INFO: [ template_filter ] --START--
INFO: Run Behavior\ContentReplaceBehavior [ RunTime:0.000015s ]
INFO: [ template_filter ] --END-- [ RunTime:0.000036s ]
INFO: Run Behavior\ParseTemplateBehavior [ RunTime:0.002582s ]
INFO: [ view_parse ] --END-- [ RunTime:0.002604s ]
INFO: [ view_filter ] --START--
INFO: Run Behavior\WriteHtmlCacheBehavior [ RunTime:0.000089s ]
INFO: [ view_filter ] --END-- [ RunTime:0.000106s ]
INFO: [ app_end ] --START--
INFO: Run Behavior\ShowPageTraceBehavior [ RunTime:0.000219s ]
INFO: [ app_end ] --END-- [ RunTime:0.000236s ]

[ 2022-04-01T07:03:35+08:00 ] 223.96.66.10 /
INFO: [ app_init ] --START--
INFO: Run Behavior\BuildLiteBehavior [ RunTime:0.000005s ]
INFO: [ app_init ] --END-- [ RunTime:0.000156s ]
INFO: [ app_begin ] --START--
INFO: Run Behavior\ReadHtmlCacheBehavior [ RunTime:0.000216s ]
INFO: [ app_begin ] --END-- [ RunTime:0.000236s ]
INFO: [ view_parse ] --START--
INFO: [ template_filter ] --START--
INFO: Run Behavior\ContentReplaceBehavior [ RunTime:0.000025s ]
INFO: [ template_filter ] --END-- [ RunTime:0.000053s ]
INFO: Run Behavior\ParseTemplateBehavior [ RunTime:0.002677s ]
INFO: [ view_parse ] --END-- [ RunTime:0.002700s ]
INFO: [ view_filter ] --START--
INFO: Run Behavior\WriteHtmlCacheBehavior [ RunTime:0.000089s ]
INFO: [ view_filter ] --END-- [ RunTime:0.000106s ]
INFO: [ app_end ] --START--
INFO: Run Behavior\ShowPageTraceBehavior [ RunTime:0.000221s ]
INFO: [ app_end ] --END-- [ RunTime:0.000238s ]

[ 2022-04-01T07:03:45+08:00 ] 223.96.66.10 /index.php/Index/loginHandle.html
INFO: [ app_init ] --START--
INFO: Run Behavior\BuildLiteBehavior [ RunTime:0.000006s ]
INFO: [ app_init ] --END-- [ RunTime:0.000161s ]
INFO: [ app_begin ] --START--
INFO: Run Behavior\ReadHtmlCacheBehavior [ RunTime:0.000234s ]
INFO: [ app_begin ] --END-- [ RunTime:0.000262s ]
NOTIC: [8192] mysql_connect(): The mysql extension is deprecated and will be removed in the future: use mysqli or PDO instead /www/wwwroot/nj.imlsr.top/ThinkPHP/Library/Think/Db/Driver/Mysql.class.php 第 52 行.
SQL: SHOW COLUMNS FROM `people` [ RunTime:0.000470s ]
SQL: SELECT * FROM `people` WHERE ( `name` = '吕忻洋' ) LIMIT 1   [ RunTime:0.000184s ]
SQL: SHOW COLUMNS FROM `time` [ RunTime:0.000362s ]
SQL: SELECT * FROM `time` WHERE ( `people_id` = 15 )  [ RunTime:0.000153s ]
SQL: INSERT INTO `time` (`endTime`,`people_id`) VALUES (1648767825,15) [ RunTime:0.003963s ]
INFO: [ view_parse ] --START--
INFO: [ template_filter ] --START--
INFO: Run Behavior\ContentReplaceBehavior [ RunTime:0.000014s ]
INFO: [ template_filter ] --END-- [ RunTime:0.000035s ]
INFO: Run Behavior\ParseTemplateBehavior [ RunTime:0.002864s ]
INFO: [ view_parse ] --END-- [ RunTime:0.002886s ]
INFO: [ view_filter ] --START--
INFO: Run Behavior\WriteHtmlCacheBehavior [ RunTime:0.000085s ]
INFO: [ view_filter ] --END-- [ RunTime:0.000102s ]
INFO: [ app_end ] --START--
INFO: Run Behavior\ShowPageTraceBehavior [ RunTime:0.000261s ]
INFO: [ app_end ] --END-- [ RunTime:0.000281s ]

[ 2022-04-01T07:19:41+08:00 ] 223.96.66.218 /index.php/Index/day.html
INFO: [ app_init ] --START--
INFO: Run Behavior\BuildLiteBehavior [ RunTime:0.000006s ]
INFO: [ app_init ] --END-- [ RunTime:0.000158s ]
INFO: [ app_begin ] --START--
INFO: Run Behavior\ReadHtmlCacheBehavior [ RunTime:0.000212s ]
INFO: [ app_begin ] --END-- [ RunTime:0.000232s ]
NOTIC: [8] Undefined index: name /www/wwwroot/nj.imlsr.top/Index/Home/Controller/IndexController.class.php 第 65 行.
NOTIC: [8192] mysql_connect(): The mysql extension is deprecated and will be removed in the future: use mysqli or PDO instead /www/wwwroot/nj.imlsr.top/ThinkPHP/Library/Think/Db/Driver/Mysql.class.php 第 52 行.
SQL: SHOW COLUMNS FROM `people` [ RunTime:0.000492s ]
SQL: SELECT * FROM `people`  [ RunTime:0.000147s ]
SQL: SHOW COLUMNS FROM `time` [ RunTime:0.000355s ]
SQL: SELECT * FROM `time` WHERE ( `people_id` = 14 )  [ RunTime:0.000169s ]
SQL: SELECT * FROM `time` WHERE ( `people_id` = 15 )  [ RunTime:0.000146s ]
SQL: SELECT * FROM `time` WHERE ( `people_id` = 16 )  [ RunTime:0.000132s ]
SQL: SELECT * FROM `time` WHERE ( `people_id` = 17 )  [ RunTime:0.000131s ]
SQL: SELECT * FROM `time` WHERE ( `people_id` = 18 )  [ RunTime:0.000156s ]
SQL: SELECT * FROM `time` WHERE ( `people_id` = 19 )  [ RunTime:0.000134s ]
SQL: SELECT * FROM `time` WHERE ( `people_id` = 20 )  [ RunTime:0.000159s ]
SQL: SELECT * FROM `time` WHERE ( `people_id` = 21 )  [ RunTime:0.000146s ]
INFO: [ view_parse ] --START--
INFO: [ template_filter ] --START--
INFO: Run Behavior\ContentReplaceBehavior [ RunTime:0.000023s ]
INFO: [ template_filter ] --END-- [ RunTime:0.000044s ]
INFO: Run Behavior\ParseTemplateBehavior [ RunTime:0.003443s ]
INFO: [ view_parse ] --END-- [ RunTime:0.003465s ]
INFO: [ view_filter ] --START--
INFO: Run Behavior\WriteHtmlCacheBehavior [ RunTime:0.000162s ]
INFO: [ view_filter ] --END-- [ RunTime:0.000189s ]
INFO: [ app_end ] --START--
INFO: Run Behavior\ShowPageTraceBehavior [ RunTime:0.000242s ]
INFO: [ app_end ] --END-- [ RunTime:0.000268s ]

[ 2022-04-01T07:19:48+08:00 ] 223.96.66.218 /index.php/Index/index.html
INFO: [ app_init ] --START--
INFO: Run Behavior\BuildLiteBehavior [ RunTime:0.000005s ]
INFO: [ app_init ] --END-- [ RunTime:0.000155s ]
INFO: [ app_begin ] --START--
INFO: Run Behavior\ReadHtmlCacheBehavior [ RunTime:0.000215s ]
INFO: [ app_begin ] --END-- [ RunTime:0.000237s ]
INFO: [ view_parse ] --START--
INFO: [ template_filter ] --START--
INFO: Run Behavior\ContentReplaceBehavior [ RunTime:0.000016s ]
INFO: [ template_filter ] --END-- [ RunTime:0.000037s ]
INFO: Run Behavior\ParseTemplateBehavior [ RunTime:0.004210s ]
INFO: [ view_parse ] --END-- [ RunTime:0.004233s ]
INFO: [ view_filter ] --START--
INFO: Run Behavior\WriteHtmlCacheBehavior [ RunTime:0.000092s ]
INFO: [ view_filter ] --END-- [ RunTime:0.000108s ]
INFO: [ app_end ] --START--
INFO: Run Behavior\ShowPageTraceBehavior [ RunTime:0.000223s ]
INFO: [ app_end ] --END-- [ RunTime:0.000241s ]

[ 2022-04-01T07:19:53+08:00 ] 223.96.66.218 /index.php/Index/loginHandle.html
INFO: [ app_init ] --START--
INFO: Run Behavior\BuildLiteBehavior [ RunTime:0.000005s ]
INFO: [ app_init ] --END-- [ RunTime:0.000181s ]
INFO: [ app_begin ] --START--
INFO: Run Behavior\ReadHtmlCacheBehavior [ RunTime:0.000222s ]
INFO: [ app_begin ] --END-- [ RunTime:0.000243s ]
NOTIC: [8192] mysql_connect(): The mysql extension is deprecated and will be removed in the future: use mysqli or PDO instead /www/wwwroot/nj.imlsr.top/ThinkPHP/Library/Think/Db/Driver/Mysql.class.php 第 52 行.
SQL: SHOW COLUMNS FROM `people` [ RunTime:0.000475s ]
SQL: SELECT * FROM `people` WHERE ( `name` = '王艺颖' ) LIMIT 1   [ RunTime:0.000182s ]
SQL: SHOW COLUMNS FROM `time` [ RunTime:0.000381s ]
SQL: SELECT * FROM `time` WHERE ( `people_id` = 20 )  [ RunTime:0.000149s ]
SQL: INSERT INTO `time` (`endTime`,`people_id`) VALUES (1648768793,20) [ RunTime:0.004414s ]
INFO: [ view_parse ] --START--
INFO: [ template_filter ] --START--
INFO: Run Behavior\ContentReplaceBehavior [ RunTime:0.000013s ]
INFO: [ template_filter ] --END-- [ RunTime:0.000033s ]
INFO: Run Behavior\ParseTemplateBehavior [ RunTime:0.002686s ]
INFO: [ view_parse ] --END-- [ RunTime:0.002711s ]
INFO: [ view_filter ] --START--
INFO: Run Behavior\WriteHtmlCacheBehavior [ RunTime:0.000128s ]
INFO: [ view_filter ] --END-- [ RunTime:0.000148s ]
INFO: [ app_end ] --START--
INFO: Run Behavior\ShowPageTraceBehavior [ RunTime:0.000245s ]
INFO: [ app_end ] --END-- [ RunTime:0.000263s ]

[ 2022-04-01T07:19:54+08:00 ] 223.96.66.218 /index.php/Index/day.html?name=%E7%8E%8B%E8%89%BA%E9%A2%96
INFO: [ app_init ] --START--
INFO: Run Behavior\BuildLiteBehavior [ RunTime:0.000006s ]
INFO: [ app_init ] --END-- [ RunTime:0.000172s ]
INFO: [ app_begin ] --START--
INFO: Run Behavior\ReadHtmlCacheBehavior [ RunTime:0.000216s ]
INFO: [ app_begin ] --END-- [ RunTime:0.000237s ]
NOTIC: [8192] mysql_connect(): The mysql extension is deprecated and will be removed in the future: use mysqli or PDO instead /www/wwwroot/nj.imlsr.top/ThinkPHP/Library/Think/Db/Driver/Mysql.class.php 第 52 行.
SQL: SHOW COLUMNS FROM `people` [ RunTime:0.000487s ]
SQL: SELECT * FROM `people`  [ RunTime:0.000132s ]
SQL: SHOW COLUMNS FROM `time` [ RunTime:0.000348s ]
SQL: SELECT * FROM `time` WHERE ( `people_id` = 14 )  [ RunTime:0.000162s ]
SQL: SELECT * FROM `time` WHERE ( `people_id` = 15 )  [ RunTime:0.000155s ]
SQL: SELECT * FROM `time` WHERE ( `people_id` = 16 )  [ RunTime:0.000142s ]
SQL: SELECT * FROM `time` WHERE ( `people_id` = 17 )  [ RunTime:0.000134s ]
SQL: SELECT * FROM `time` WHERE ( `people_id` = 18 )  [ RunTime:0.000131s ]
SQL: SELECT * FROM `time` WHERE ( `people_id` = 19 )  [ RunTime:0.000152s ]
SQL: SELECT * FROM `time` WHERE ( `people_id` = 20 )  [ RunTime:0.000142s ]
SQL: SELECT * FROM `time` WHERE ( `people_id` = 21 )  [ RunTime:0.000140s ]
INFO: [ view_parse ] --START--
INFO: [ template_filter ] --START--
INFO: Run Behavior\ContentReplaceBehavior [ RunTime:0.000022s ]
INFO: [ template_filter ] --END-- [ RunTime:0.000041s ]
INFO: Run Behavior\ParseTemplateBehavior [ RunTime:0.003327s ]
INFO: [ view_parse ] --END-- [ RunTime:0.003350s ]
INFO: [ view_filter ] --START--
INFO: Run Behavior\WriteHtmlCacheBehavior [ RunTime:0.000100s ]
INFO: [ view_filter ] --END-- [ RunTime:0.000117s ]
INFO: [ app_end ] --START--
INFO: Run Behavior\ShowPageTraceBehavior [ RunTime:0.000225s ]
INFO: [ app_end ] --END-- [ RunTime:0.000241s ]

[ 2022-04-01T07:19:55+08:00 ] 223.96.66.218 /index.php/Index/index.html
INFO: [ app_init ] --START--
INFO: Run Behavior\BuildLiteBehavior [ RunTime:0.000005s ]
INFO: [ app_init ] --END-- [ RunTime:0.000155s ]
INFO: [ app_begin ] --START--
INFO: Run Behavior\ReadHtmlCacheBehavior [ RunTime:0.000213s ]
INFO: [ app_begin ] --END-- [ RunTime:0.000233s ]
INFO: [ view_parse ] --START--
INFO: [ template_filter ] --START--
INFO: Run Behavior\ContentReplaceBehavior [ RunTime:0.000016s ]
INFO: [ template_filter ] --END-- [ RunTime:0.000035s ]
INFO: Run Behavior\ParseTemplateBehavior [ RunTime:0.002571s ]
INFO: [ view_parse ] --END-- [ RunTime:0.002593s ]
INFO: [ view_filter ] --START--
INFO: Run Behavior\WriteHtmlCacheBehavior [ RunTime:0.000086s ]
INFO: [ view_filter ] --END-- [ RunTime:0.000102s ]
INFO: [ app_end ] --START--
INFO: Run Behavior\ShowPageTraceBehavior [ RunTime:0.000256s ]
INFO: [ app_end ] --END-- [ RunTime:0.000273s ]

[ 2022-04-01T07:20:12+08:00 ] 223.96.66.218 /index.php/Index/loginHandle.html
INFO: [ app_init ] --START--
INFO: Run Behavior\BuildLiteBehavior [ RunTime:0.000006s ]
INFO: [ app_init ] --END-- [ RunTime:0.000173s ]
INFO: [ app_begin ] --START--
INFO: Run Behavior\ReadHtmlCacheBehavior [ RunTime:0.000215s ]
INFO: [ app_begin ] --END-- [ RunTime:0.000236s ]
NOTIC: [8192] mysql_connect(): The mysql extension is deprecated and will be removed in the future: use mysqli or PDO instead /www/wwwroot/nj.imlsr.top/ThinkPHP/Library/Think/Db/Driver/Mysql.class.php 第 52 行.
SQL: SHOW COLUMNS FROM `people` [ RunTime:0.000449s ]
SQL: SELECT * FROM `people` WHERE ( `name` = '王梓煜' ) LIMIT 1   [ RunTime:0.000171s ]
SQL: SHOW COLUMNS FROM `time` [ RunTime:0.000331s ]
SQL: SELECT * FROM `time` WHERE ( `people_id` = 16 )  [ RunTime:0.000156s ]
SQL: INSERT INTO `time` (`endTime`,`people_id`) VALUES (1648768812,16) [ RunTime:0.003540s ]
INFO: [ view_parse ] --START--
INFO: [ template_filter ] --START--
INFO: Run Behavior\ContentReplaceBehavior [ RunTime:0.000014s ]
INFO: [ template_filter ] --END-- [ RunTime:0.000038s ]
INFO: Run Behavior\ParseTemplateBehavior [ RunTime:0.002648s ]
INFO: [ view_parse ] --END-- [ RunTime:0.002671s ]
INFO: [ view_filter ] --START--
INFO: Run Behavior\WriteHtmlCacheBehavior [ RunTime:0.000101s ]
INFO: [ view_filter ] --END-- [ RunTime:0.000125s ]
INFO: [ app_end ] --START--
INFO: Run Behavior\ShowPageTraceBehavior [ RunTime:0.000224s ]
INFO: [ app_end ] --END-- [ RunTime:0.000241s ]

[ 2022-04-01T07:20:13+08:00 ] 223.96.66.218 /index.php/Index/day.html?name=%E7%8E%8B%E6%A2%93%E7%85%9C
INFO: [ app_init ] --START--
INFO: Run Behavior\BuildLiteBehavior [ RunTime:0.000007s ]
INFO: [ app_init ] --END-- [ RunTime:0.000258s ]
INFO: [ app_begin ] --START--
INFO: Run Behavior\ReadHtmlCacheBehavior [ RunTime:0.000292s ]
INFO: [ app_begin ] --END-- [ RunTime:0.000323s ]
NOTIC: [8192] mysql_connect(): The mysql extension is deprecated and will be removed in the future: use mysqli or PDO instead /www/wwwroot/nj.imlsr.top/ThinkPHP/Library/Think/Db/Driver/Mysql.class.php 第 52 行.
SQL: SHOW COLUMNS FROM `people` [ RunTime:0.000413s ]
SQL: SELECT * FROM `people`  [ RunTime:0.000128s ]
SQL: SHOW COLUMNS FROM `time` [ RunTime:0.000251s ]
SQL: SELECT * FROM `time` WHERE ( `people_id` = 14 )  [ RunTime:0.000153s ]
SQL: SELECT * FROM `time` WHERE ( `people_id` = 15 )  [ RunTime:0.000157s ]
SQL: SELECT * FROM `time` WHERE ( `people_id` = 16 )  [ RunTime:0.000145s ]
SQL: SELECT * FROM `time` WHERE ( `people_id` = 17 )  [ RunTime:0.000136s ]
SQL: SELECT * FROM `time` WHERE ( `people_id` = 18 )  [ RunTime:0.000136s ]
SQL: SELECT * FROM `time` WHERE ( `people_id` = 19 )  [ RunTime:0.000139s ]
SQL: SELECT * FROM `time` WHERE ( `people_id` = 20 )  [ RunTime:0.000134s ]
SQL: SELECT * FROM `time` WHERE ( `people_id` = 21 )  [ RunTime:0.000133s ]
INFO: [ view_parse ] --START--
INFO: [ template_filter ] --START--
INFO: Run Behavior\ContentReplaceBehavior [ RunTime:0.000023s ]
INFO: [ template_filter ] --END-- [ RunTime:0.000043s ]
INFO: Run Behavior\ParseTemplateBehavior [ RunTime:0.003370s ]
INFO: [ view_parse ] --END-- [ RunTime:0.003392s ]
INFO: [ view_filter ] --START--
INFO: Run Behavior\WriteHtmlCacheBehavior [ RunTime:0.000088s ]
INFO: [ view_filter ] --END-- [ RunTime:0.000104s ]
INFO: [ app_end ] --START--
INFO: Run Behavior\ShowPageTraceBehavior [ RunTime:0.000234s ]
INFO: [ app_end ] --END-- [ RunTime:0.000252s ]

[ 2022-04-01T07:20:14+08:00 ] 223.96.66.218 /index.php/Index/index.html
INFO: [ app_init ] --START--
INFO: Run Behavior\BuildLiteBehavior [ RunTime:0.000005s ]
INFO: [ app_init ] --END-- [ RunTime:0.000154s ]
INFO: [ app_begin ] --START--
INFO: Run Behavior\ReadHtmlCacheBehavior [ RunTime:0.000215s ]
INFO: [ app_begin ] --END-- [ RunTime:0.000237s ]
INFO: [ view_parse ] --START--
INFO: [ template_filter ] --START--
INFO: Run Behavior\ContentReplaceBehavior [ RunTime:0.000016s ]
INFO: [ template_filter ] --END-- [ RunTime:0.000036s ]
INFO: Run Behavior\ParseTemplateBehavior [ RunTime:0.002696s ]
INFO: [ view_parse ] --END-- [ RunTime:0.002720s ]
INFO: [ view_filter ] --START--
INFO: Run Behavior\WriteHtmlCacheBehavior [ RunTime:0.000099s ]
INFO: [ view_filter ] --END-- [ RunTime:0.000117s ]
INFO: [ app_end ] --START--
INFO: Run Behavior\ShowPageTraceBehavior [ RunTime:0.000224s ]
INFO: [ app_end ] --END-- [ RunTime:0.000241s ]

[ 2022-04-01T07:20:18+08:00 ] 223.96.67.63 /
INFO: [ app_init ] --START--
INFO: Run Behavior\BuildLiteBehavior [ RunTime:0.000006s ]
INFO: [ app_init ] --END-- [ RunTime:0.000176s ]
INFO: [ app_begin ] --START--
INFO: Run Behavior\ReadHtmlCacheBehavior [ RunTime:0.000224s ]
INFO: [ app_begin ] --END-- [ RunTime:0.000249s ]
INFO: [ view_parse ] --START--
INFO: [ template_filter ] --START--
INFO: Run Behavior\ContentReplaceBehavior [ RunTime:0.000020s ]
INFO: [ template_filter ] --END-- [ RunTime:0.000048s ]
INFO: Run Behavior\ParseTemplateBehavior [ RunTime:0.009004s ]
INFO: [ view_parse ] --END-- [ RunTime:0.009082s ]
INFO: [ view_filter ] --START--
INFO: Run Behavior\WriteHtmlCacheBehavior [ RunTime:0.000117s ]
INFO: [ view_filter ] --END-- [ RunTime:0.000137s ]
INFO: [ app_end ] --START--
INFO: Run Behavior\ShowPageTraceBehavior [ RunTime:0.000312s ]
INFO: [ app_end ] --END-- [ RunTime:0.000336s ]

[ 2022-04-01T07:20:19+08:00 ] 223.96.66.218 /index.php/Index/loginHandle.html
INFO: [ app_init ] --START--
INFO: Run Behavior\BuildLiteBehavior [ RunTime:0.000005s ]
INFO: [ app_init ] --END-- [ RunTime:0.000158s ]
INFO: [ app_begin ] --START--
INFO: Run Behavior\ReadHtmlCacheBehavior [ RunTime:0.000213s ]
INFO: [ app_begin ] --END-- [ RunTime:0.000234s ]
NOTIC: [8192] mysql_connect(): The mysql extension is deprecated and will be removed in the future: use mysqli or PDO instead /www/wwwroot/nj.imlsr.top/ThinkPHP/Library/Think/Db/Driver/Mysql.class.php 第 52 行.
SQL: SHOW COLUMNS FROM `people` [ RunTime:0.000449s ]
SQL: SELECT * FROM `people` WHERE ( `name` = '郭风尧' ) LIMIT 1   [ RunTime:0.000181s ]
SQL: SHOW COLUMNS FROM `time` [ RunTime:0.000312s ]
SQL: SELECT * FROM `time` WHERE ( `people_id` = 18 )  [ RunTime:0.000196s ]
SQL: INSERT INTO `time` (`endTime`,`people_id`) VALUES (1648768819,18) [ RunTime:0.004265s ]
INFO: [ view_parse ] --START--
INFO: [ template_filter ] --START--
INFO: Run Behavior\ContentReplaceBehavior [ RunTime:0.000015s ]
INFO: [ template_filter ] --END-- [ RunTime:0.000041s ]
INFO: Run Behavior\ParseTemplateBehavior [ RunTime:0.003071s ]
INFO: [ view_parse ] --END-- [ RunTime:0.003096s ]
INFO: [ view_filter ] --START--
INFO: Run Behavior\WriteHtmlCacheBehavior [ RunTime:0.000099s ]
INFO: [ view_filter ] --END-- [ RunTime:0.000116s ]
INFO: [ app_end ] --START--
INFO: Run Behavior\ShowPageTraceBehavior [ RunTime:0.000320s ]
INFO: [ app_end ] --END-- [ RunTime:0.000347s ]

[ 2022-04-01T07:20:22+08:00 ] 223.96.67.63 /index.php/Index/loginHandle.html
INFO: [ app_init ] --START--
INFO: Run Behavior\BuildLiteBehavior [ RunTime:0.000005s ]
INFO: [ app_init ] --END-- [ RunTime:0.000161s ]
INFO: [ app_begin ] --START--
INFO: Run Behavior\ReadHtmlCacheBehavior [ RunTime:0.000216s ]
INFO: [ app_begin ] --END-- [ RunTime:0.000237s ]
NOTIC: [8192] mysql_connect(): The mysql extension is deprecated and will be removed in the future: use mysqli or PDO instead /www/wwwroot/nj.imlsr.top/ThinkPHP/Library/Think/Db/Driver/Mysql.class.php 第 52 行.
SQL: SHOW COLUMNS FROM `people` [ RunTime:0.000471s ]
SQL: SELECT * FROM `people` WHERE ( `name` = '郭风尧' ) LIMIT 1   [ RunTime:0.000165s ]
SQL: SHOW COLUMNS FROM `time` [ RunTime:0.000370s ]
SQL: SELECT * FROM `time` WHERE ( `people_id` = 18 )  [ RunTime:0.000151s ]
SQL: UPDATE `time` SET `endTime`=1648768822 WHERE ( `id` = 127 ) [ RunTime:0.003631s ]
INFO: [ view_parse ] --START--
INFO: [ template_filter ] --START--
INFO: Run Behavior\ContentReplaceBehavior [ RunTime:0.000013s ]
INFO: [ template_filter ] --END-- [ RunTime:0.000033s ]
INFO: Run Behavior\ParseTemplateBehavior [ RunTime:0.002644s ]
INFO: [ view_parse ] --END-- [ RunTime:0.002667s ]
INFO: [ view_filter ] --START--
INFO: Run Behavior\WriteHtmlCacheBehavior [ RunTime:0.000112s ]
INFO: [ view_filter ] --END-- [ RunTime:0.000132s ]
INFO: [ app_end ] --START--
INFO: Run Behavior\ShowPageTraceBehavior [ RunTime:0.000234s ]
INFO: [ app_end ] --END-- [ RunTime:0.000251s ]

[ 2022-04-01T07:20:56+08:00 ] 61.151.207.205 /index.php/Index/day.html?name=%E7%8E%8B%E8%89%BA%E9%A2%96
INFO: [ app_init ] --START--
INFO: Run Behavior\BuildLiteBehavior [ RunTime:0.000006s ]
INFO: [ app_init ] --END-- [ RunTime:0.000157s ]
INFO: [ app_begin ] --START--
INFO: Run Behavior\ReadHtmlCacheBehavior [ RunTime:0.000216s ]
INFO: [ app_begin ] --END-- [ RunTime:0.000237s ]
NOTIC: [8192] mysql_connect(): The mysql extension is deprecated and will be removed in the future: use mysqli or PDO instead /www/wwwroot/nj.imlsr.top/ThinkPHP/Library/Think/Db/Driver/Mysql.class.php 第 52 行.
SQL: SHOW COLUMNS FROM `people` [ RunTime:0.000432s ]
SQL: SELECT * FROM `people`  [ RunTime:0.000156s ]
SQL: SHOW COLUMNS FROM `time` [ RunTime:0.000315s ]
SQL: SELECT * FROM `time` WHERE ( `people_id` = 14 )  [ RunTime:0.000166s ]
SQL: SELECT * FROM `time` WHERE ( `people_id` = 15 )  [ RunTime:0.000135s ]
SQL: SELECT * FROM `time` WHERE ( `people_id` = 16 )  [ RunTime:0.000134s ]
SQL: SELECT * FROM `time` WHERE ( `people_id` = 17 )  [ RunTime:0.000146s ]
SQL: SELECT * FROM `time` WHERE ( `people_id` = 18 )  [ RunTime:0.000133s ]
SQL: SELECT * FROM `time` WHERE ( `people_id` = 19 )  [ RunTime:0.000135s ]
SQL: SELECT * FROM `time` WHERE ( `people_id` = 20 )  [ RunTime:0.000131s ]
SQL: SELECT * FROM `time` WHERE ( `people_id` = 21 )  [ RunTime:0.000149s ]
INFO: [ view_parse ] --START--
INFO: [ template_filter ] --START--
INFO: Run Behavior\ContentReplaceBehavior [ RunTime:0.000021s ]
INFO: [ template_filter ] --END-- [ RunTime:0.000042s ]
INFO: Run Behavior\ParseTemplateBehavior [ RunTime:0.003347s ]
INFO: [ view_parse ] --END-- [ RunTime:0.003367s ]
INFO: [ view_filter ] --START--
INFO: Run Behavior\WriteHtmlCacheBehavior [ RunTime:0.000086s ]
INFO: [ view_filter ] --END-- [ RunTime:0.000102s ]
INFO: [ app_end ] --START--
INFO: Run Behavior\ShowPageTraceBehavior [ RunTime:0.000244s ]
INFO: [ app_end ] --END-- [ RunTime:0.000267s ]

[ 2022-04-01T13:50:38+08:00 ] 223.96.66.218 /
INFO: [ app_init ] --START--
INFO: Run Behavior\BuildLiteBehavior [ RunTime:0.000007s ]
INFO: [ app_init ] --END-- [ RunTime:0.000196s ]
INFO: [ app_begin ] --START--
INFO: Run Behavior\ReadHtmlCacheBehavior [ RunTime:0.000220s ]
INFO: [ app_begin ] --END-- [ RunTime:0.000241s ]
INFO: [ view_parse ] --START--
INFO: [ template_filter ] --START--
INFO: Run Behavior\ContentReplaceBehavior [ RunTime:0.000016s ]
INFO: [ template_filter ] --END-- [ RunTime:0.000037s ]
INFO: Run Behavior\ParseTemplateBehavior [ RunTime:0.002598s ]
INFO: [ view_parse ] --END-- [ RunTime:0.002620s ]
INFO: [ view_filter ] --START--
INFO: Run Behavior\WriteHtmlCacheBehavior [ RunTime:0.000087s ]
INFO: [ view_filter ] --END-- [ RunTime:0.000103s ]
INFO: [ app_end ] --START--
INFO: Run Behavior\ShowPageTraceBehavior [ RunTime:0.000273s ]
INFO: [ app_end ] --END-- [ RunTime:0.000292s ]

[ 2022-04-01T13:50:44+08:00 ] 223.96.66.218 /index.php/Index/loginHandle.html
INFO: [ app_init ] --START--
INFO: Run Behavior\BuildLiteBehavior [ RunTime:0.000006s ]
INFO: [ app_init ] --END-- [ RunTime:0.000156s ]
INFO: [ app_begin ] --START--
INFO: Run Behavior\ReadHtmlCacheBehavior [ RunTime:0.000214s ]
INFO: [ app_begin ] --END-- [ RunTime:0.000236s ]
NOTIC: [8192] mysql_connect(): The mysql extension is deprecated and will be removed in the future: use mysqli or PDO instead /www/wwwroot/nj.imlsr.top/ThinkPHP/Library/Think/Db/Driver/Mysql.class.php 第 52 行.
SQL: SHOW COLUMNS FROM `people` [ RunTime:0.000471s ]
SQL: SELECT * FROM `people` WHERE ( `name` = '李尚儒' ) LIMIT 1   [ RunTime:0.000198s ]
SQL: SHOW COLUMNS FROM `time` [ RunTime:0.000299s ]
SQL: SELECT * FROM `time` WHERE ( `people_id` = 14 )  [ RunTime:0.000150s ]
SQL: UPDATE `time` SET `endTime`=1648792244 WHERE ( `id` = 121 ) [ RunTime:0.004157s ]
INFO: [ view_parse ] --START--
INFO: [ template_filter ] --START--
INFO: Run Behavior\ContentReplaceBehavior [ RunTime:0.000018s ]
INFO: [ template_filter ] --END-- [ RunTime:0.000041s ]
INFO: Run Behavior\ParseTemplateBehavior [ RunTime:0.002961s ]
INFO: [ view_parse ] --END-- [ RunTime:0.002990s ]
INFO: [ view_filter ] --START--
INFO: Run Behavior\WriteHtmlCacheBehavior [ RunTime:0.000092s ]
INFO: [ view_filter ] --END-- [ RunTime:0.000109s ]
INFO: [ app_end ] --START--
INFO: Run Behavior\ShowPageTraceBehavior [ RunTime:0.000261s ]
INFO: [ app_end ] --END-- [ RunTime:0.000280s ]

[ 2022-04-01T13:55:06+08:00 ] 223.96.64.69 /
INFO: [ app_init ] --START--
INFO: Run Behavior\BuildLiteBehavior [ RunTime:0.000006s ]
INFO: [ app_init ] --END-- [ RunTime:0.000156s ]
INFO: [ app_begin ] --START--
INFO: Run Behavior\ReadHtmlCacheBehavior [ RunTime:0.000282s ]
INFO: [ app_begin ] --END-- [ RunTime:0.000305s ]
INFO: [ view_parse ] --START--
INFO: [ template_filter ] --START--
INFO: Run Behavior\ContentReplaceBehavior [ RunTime:0.000016s ]
INFO: [ template_filter ] --END-- [ RunTime:0.000036s ]
INFO: Run Behavior\ParseTemplateBehavior [ RunTime:0.002537s ]
INFO: [ view_parse ] --END-- [ RunTime:0.002559s ]
INFO: [ view_filter ] --START--
INFO: Run Behavior\WriteHtmlCacheBehavior [ RunTime:0.000100s ]
INFO: [ view_filter ] --END-- [ RunTime:0.000116s ]
INFO: [ app_end ] --START--
INFO: Run Behavior\ShowPageTraceBehavior [ RunTime:0.000222s ]
INFO: [ app_end ] --END-- [ RunTime:0.000239s ]

[ 2022-04-01T13:55:16+08:00 ] 223.96.64.69 /index.php/Index/loginHandle.html
INFO: [ app_init ] --START--
INFO: Run Behavior\BuildLiteBehavior [ RunTime:0.000005s ]
INFO: [ app_init ] --END-- [ RunTime:0.000156s ]
INFO: [ app_begin ] --START--
INFO: Run Behavior\ReadHtmlCacheBehavior [ RunTime:0.000211s ]
INFO: [ app_begin ] --END-- [ RunTime:0.000232s ]
NOTIC: [8192] mysql_connect(): The mysql extension is deprecated and will be removed in the future: use mysqli or PDO instead /www/wwwroot/nj.imlsr.top/ThinkPHP/Library/Think/Db/Driver/Mysql.class.php 第 52 行.
SQL: SHOW COLUMNS FROM `people` [ RunTime:0.000378s ]
SQL: SELECT * FROM `people` WHERE ( `name` = '黄家俊' ) LIMIT 1   [ RunTime:0.000139s ]
SQL: SHOW COLUMNS FROM `time` [ RunTime:0.000260s ]
SQL: SELECT * FROM `time` WHERE ( `people_id` = 19 )  [ RunTime:0.000139s ]
SQL: UPDATE `time` SET `endTime`=1648792516 WHERE ( `id` = 123 ) [ RunTime:0.003565s ]
INFO: [ view_parse ] --START--
INFO: [ template_filter ] --START--
INFO: Run Behavior\ContentReplaceBehavior [ RunTime:0.000017s ]
INFO: [ template_filter ] --END-- [ RunTime:0.000039s ]
INFO: Run Behavior\ParseTemplateBehavior [ RunTime:0.002695s ]
INFO: [ view_parse ] --END-- [ RunTime:0.002720s ]
INFO: [ view_filter ] --START--
INFO: Run Behavior\WriteHtmlCacheBehavior [ RunTime:0.000089s ]
INFO: [ view_filter ] --END-- [ RunTime:0.000105s ]
INFO: [ app_end ] --START--
INFO: Run Behavior\ShowPageTraceBehavior [ RunTime:0.000243s ]
INFO: [ app_end ] --END-- [ RunTime:0.000263s ]

[ 2022-04-01T13:56:37+08:00 ] 223.96.64.15 /
INFO: [ app_init ] --START--
INFO: Run Behavior\BuildLiteBehavior [ RunTime:0.000005s ]
INFO: [ app_init ] --END-- [ RunTime:0.000157s ]
INFO: [ app_begin ] --START--
INFO: Run Behavior\ReadHtmlCacheBehavior [ RunTime:0.000397s ]
INFO: [ app_begin ] --END-- [ RunTime:0.000418s ]
INFO: [ view_parse ] --START--
INFO: [ template_filter ] --START--
INFO: Run Behavior\ContentReplaceBehavior [ RunTime:0.000016s ]
INFO: [ template_filter ] --END-- [ RunTime:0.000036s ]
INFO: Run Behavior\ParseTemplateBehavior [ RunTime:0.002584s ]
INFO: [ view_parse ] --END-- [ RunTime:0.002605s ]
INFO: [ view_filter ] --START--
INFO: Run Behavior\WriteHtmlCacheBehavior [ RunTime:0.000083s ]
INFO: [ view_filter ] --END-- [ RunTime:0.000099s ]
INFO: [ app_end ] --START--
INFO: Run Behavior\ShowPageTraceBehavior [ RunTime:0.000219s ]
INFO: [ app_end ] --END-- [ RunTime:0.000237s ]

[ 2022-04-01T13:56:44+08:00 ] 223.96.64.15 /index.php/Index/loginHandle.html
INFO: [ app_init ] --START--
INFO: Run Behavior\BuildLiteBehavior [ RunTime:0.000005s ]
INFO: [ app_init ] --END-- [ RunTime:0.000162s ]
INFO: [ app_begin ] --START--
INFO: Run Behavior\ReadHtmlCacheBehavior [ RunTime:0.000238s ]
INFO: [ app_begin ] --END-- [ RunTime:0.000259s ]
NOTIC: [8192] mysql_connect(): The mysql extension is deprecated and will be removed in the future: use mysqli or PDO instead /www/wwwroot/nj.imlsr.top/ThinkPHP/Library/Think/Db/Driver/Mysql.class.php 第 52 行.
SQL: SHOW COLUMNS FROM `people` [ RunTime:0.000425s ]
SQL: SELECT * FROM `people` WHERE ( `name` = '王梓煜' ) LIMIT 1   [ RunTime:0.000146s ]
SQL: SHOW COLUMNS FROM `time` [ RunTime:0.000292s ]
SQL: SELECT * FROM `time` WHERE ( `people_id` = 16 )  [ RunTime:0.000143s ]
SQL: UPDATE `time` SET `endTime`=1648792604 WHERE ( `id` = 126 ) [ RunTime:0.003489s ]
INFO: [ view_parse ] --START--
INFO: [ template_filter ] --START--
INFO: Run Behavior\ContentReplaceBehavior [ RunTime:0.000017s ]
INFO: [ template_filter ] --END-- [ RunTime:0.000038s ]
INFO: Run Behavior\ParseTemplateBehavior [ RunTime:0.002928s ]
INFO: [ view_parse ] --END-- [ RunTime:0.002953s ]
INFO: [ view_filter ] --START--
INFO: Run Behavior\WriteHtmlCacheBehavior [ RunTime:0.000088s ]
INFO: [ view_filter ] --END-- [ RunTime:0.000104s ]
INFO: [ app_end ] --START--
INFO: Run Behavior\ShowPageTraceBehavior [ RunTime:0.000248s ]
INFO: [ app_end ] --END-- [ RunTime:0.000267s ]

[ 2022-04-01T14:01:21+08:00 ] 223.96.66.10 /
INFO: [ app_init ] --START--
INFO: Run Behavior\BuildLiteBehavior [ RunTime:0.000005s ]
INFO: [ app_init ] --END-- [ RunTime:0.000157s ]
INFO: [ app_begin ] --START--
INFO: Run Behavior\ReadHtmlCacheBehavior [ RunTime:0.000212s ]
INFO: [ app_begin ] --END-- [ RunTime:0.000233s ]
INFO: [ view_parse ] --START--
INFO: [ template_filter ] --START--
INFO: Run Behavior\ContentReplaceBehavior [ RunTime:0.000016s ]
INFO: [ template_filter ] --END-- [ RunTime:0.000037s ]
INFO: Run Behavior\ParseTemplateBehavior [ RunTime:0.002775s ]
INFO: [ view_parse ] --END-- [ RunTime:0.002799s ]
INFO: [ view_filter ] --START--
INFO: Run Behavior\WriteHtmlCacheBehavior [ RunTime:0.000089s ]
INFO: [ view_filter ] --END-- [ RunTime:0.000106s ]
INFO: [ app_end ] --START--
INFO: Run Behavior\ShowPageTraceBehavior [ RunTime:0.000219s ]
INFO: [ app_end ] --END-- [ RunTime:0.000237s ]

[ 2022-04-01T14:01:21+08:00 ] 223.96.66.10 /
INFO: [ app_init ] --START--
INFO: Run Behavior\BuildLiteBehavior [ RunTime:0.000010s ]
INFO: [ app_init ] --END-- [ RunTime:0.000167s ]
INFO: [ app_begin ] --START--
INFO: Run Behavior\ReadHtmlCacheBehavior [ RunTime:0.000224s ]
INFO: [ app_begin ] --END-- [ RunTime:0.000246s ]
INFO: [ view_parse ] --START--
INFO: [ template_filter ] --START--
INFO: Run Behavior\ContentReplaceBehavior [ RunTime:0.000016s ]
INFO: [ template_filter ] --END-- [ RunTime:0.000037s ]
INFO: Run Behavior\ParseTemplateBehavior [ RunTime:0.002825s ]
INFO: [ view_parse ] --END-- [ RunTime:0.002847s ]
INFO: [ view_filter ] --START--
INFO: Run Behavior\WriteHtmlCacheBehavior [ RunTime:0.000107s ]
INFO: [ view_filter ] --END-- [ RunTime:0.000125s ]
INFO: [ app_end ] --START--
INFO: Run Behavior\ShowPageTraceBehavior [ RunTime:0.000244s ]
INFO: [ app_end ] --END-- [ RunTime:0.000262s ]

[ 2022-04-01T14:01:21+08:00 ] 223.96.66.10 /
INFO: [ app_init ] --START--
INFO: Run Behavior\BuildLiteBehavior [ RunTime:0.000006s ]
INFO: [ app_init ] --END-- [ RunTime:0.000186s ]
INFO: [ app_begin ] --START--
INFO: Run Behavior\ReadHtmlCacheBehavior [ RunTime:0.000231s ]
INFO: [ app_begin ] --END-- [ RunTime:0.000256s ]
INFO: [ view_parse ] --START--
INFO: [ template_filter ] --START--
INFO: Run Behavior\ContentReplaceBehavior [ RunTime:0.000016s ]
INFO: [ template_filter ] --END-- [ RunTime:0.000035s ]
INFO: Run Behavior\ParseTemplateBehavior [ RunTime:0.002845s ]
INFO: [ view_parse ] --END-- [ RunTime:0.002869s ]
INFO: [ view_filter ] --START--
INFO: Run Behavior\WriteHtmlCacheBehavior [ RunTime:0.000087s ]
INFO: [ view_filter ] --END-- [ RunTime:0.000104s ]
INFO: [ app_end ] --START--
INFO: Run Behavior\ShowPageTraceBehavior [ RunTime:0.000237s ]
INFO: [ app_end ] --END-- [ RunTime:0.000254s ]

[ 2022-04-01T14:01:22+08:00 ] 223.96.66.10 /
INFO: [ app_init ] --START--
INFO: Run Behavior\BuildLiteBehavior [ RunTime:0.000006s ]
INFO: [ app_init ] --END-- [ RunTime:0.000166s ]
INFO: [ app_begin ] --START--
INFO: Run Behavior\ReadHtmlCacheBehavior [ RunTime:0.000222s ]
INFO: [ app_begin ] --END-- [ RunTime:0.000244s ]
INFO: [ view_parse ] --START--
INFO: [ template_filter ] --START--
INFO: Run Behavior\ContentReplaceBehavior [ RunTime:0.000016s ]
INFO: [ template_filter ] --END-- [ RunTime:0.000036s ]
INFO: Run Behavior\ParseTemplateBehavior [ RunTime:0.002646s ]
INFO: [ view_parse ] --END-- [ RunTime:0.002668s ]
INFO: [ view_filter ] --START--
INFO: Run Behavior\WriteHtmlCacheBehavior [ RunTime:0.000086s ]
INFO: [ view_filter ] --END-- [ RunTime:0.000102s ]
INFO: [ app_end ] --START--
INFO: Run Behavior\ShowPageTraceBehavior [ RunTime:0.000219s ]
INFO: [ app_end ] --END-- [ RunTime:0.000236s ]

[ 2022-04-01T14:01:31+08:00 ] 223.96.66.10 /index.php/Index/loginHandle.html
INFO: [ app_init ] --START--
INFO: Run Behavior\BuildLiteBehavior [ RunTime:0.000005s ]
INFO: [ app_init ] --END-- [ RunTime:0.000155s ]
INFO: [ app_begin ] --START--
INFO: Run Behavior\ReadHtmlCacheBehavior [ RunTime:0.000212s ]
INFO: [ app_begin ] --END-- [ RunTime:0.000233s ]
NOTIC: [8192] mysql_connect(): The mysql extension is deprecated and will be removed in the future: use mysqli or PDO instead /www/wwwroot/nj.imlsr.top/ThinkPHP/Library/Think/Db/Driver/Mysql.class.php 第 52 行.
SQL: SHOW COLUMNS FROM `people` [ RunTime:0.000489s ]
SQL: SELECT * FROM `people` WHERE ( `name` = '吕忻洋' ) LIMIT 1   [ RunTime:0.000175s ]
SQL: SHOW COLUMNS FROM `time` [ RunTime:0.000355s ]
SQL: SELECT * FROM `time` WHERE ( `people_id` = 15 )  [ RunTime:0.000160s ]
SQL: UPDATE `time` SET `endTime`=1648792891 WHERE ( `id` = 124 ) [ RunTime:0.003639s ]
INFO: [ view_parse ] --START--
INFO: [ template_filter ] --START--
INFO: Run Behavior\ContentReplaceBehavior [ RunTime:0.000016s ]
INFO: [ template_filter ] --END-- [ RunTime:0.000040s ]
INFO: Run Behavior\ParseTemplateBehavior [ RunTime:0.002769s ]
INFO: [ view_parse ] --END-- [ RunTime:0.002794s ]
INFO: [ view_filter ] --START--
INFO: Run Behavior\WriteHtmlCacheBehavior [ RunTime:0.000085s ]
INFO: [ view_filter ] --END-- [ RunTime:0.000101s ]
INFO: [ app_end ] --START--
INFO: Run Behavior\ShowPageTraceBehavior [ RunTime:0.000227s ]
INFO: [ app_end ] --END-- [ RunTime:0.000244s ]

[ 2022-04-01T14:06:22+08:00 ] 223.96.64.179 /
INFO: [ app_init ] --START--
INFO: Run Behavior\BuildLiteBehavior [ RunTime:0.000005s ]
INFO: [ app_init ] --END-- [ RunTime:0.000158s ]
INFO: [ app_begin ] --START--
INFO: Run Behavior\ReadHtmlCacheBehavior [ RunTime:0.000211s ]
INFO: [ app_begin ] --END-- [ RunTime:0.000232s ]
INFO: [ view_parse ] --START--
INFO: [ template_filter ] --START--
INFO: Run Behavior\ContentReplaceBehavior [ RunTime:0.000016s ]
INFO: [ template_filter ] --END-- [ RunTime:0.000037s ]
INFO: Run Behavior\ParseTemplateBehavior [ RunTime:0.002643s ]
INFO: [ view_parse ] --END-- [ RunTime:0.002667s ]
INFO: [ view_filter ] --START--
INFO: Run Behavior\WriteHtmlCacheBehavior [ RunTime:0.000089s ]
INFO: [ view_filter ] --END-- [ RunTime:0.000105s ]
INFO: [ app_end ] --START--
INFO: Run Behavior\ShowPageTraceBehavior [ RunTime:0.000224s ]
INFO: [ app_end ] --END-- [ RunTime:0.000240s ]

[ 2022-04-01T14:06:34+08:00 ] 223.96.64.179 /index.php/Index/loginHandle.html
INFO: [ app_init ] --START--
INFO: Run Behavior\BuildLiteBehavior [ RunTime:0.000005s ]
INFO: [ app_init ] --END-- [ RunTime:0.000156s ]
INFO: [ app_begin ] --START--
INFO: Run Behavior\ReadHtmlCacheBehavior [ RunTime:0.000228s ]
INFO: [ app_begin ] --END-- [ RunTime:0.000249s ]
NOTIC: [8192] mysql_connect(): The mysql extension is deprecated and will be removed in the future: use mysqli or PDO instead /www/wwwroot/nj.imlsr.top/ThinkPHP/Library/Think/Db/Driver/Mysql.class.php 第 52 行.
SQL: SHOW COLUMNS FROM `people` [ RunTime:0.000383s ]
SQL: SELECT * FROM `people` WHERE ( `name` = '姜博涵' ) LIMIT 1   [ RunTime:0.000252s ]
SQL: SHOW COLUMNS FROM `time` [ RunTime:0.000423s ]
SQL: SELECT * FROM `time` WHERE ( `people_id` = 21 )  [ RunTime:0.000171s ]
SQL: UPDATE `time` SET `endTime`=1648793194 WHERE ( `id` = 122 ) [ RunTime:0.003995s ]
INFO: [ view_parse ] --START--
INFO: [ template_filter ] --START--
INFO: Run Behavior\ContentReplaceBehavior [ RunTime:0.000019s ]
INFO: [ template_filter ] --END-- [ RunTime:0.000045s ]
INFO: Run Behavior\ParseTemplateBehavior [ RunTime:0.003021s ]
INFO: [ view_parse ] --END-- [ RunTime:0.003049s ]
INFO: [ view_filter ] --START--
INFO: Run Behavior\WriteHtmlCacheBehavior [ RunTime:0.000088s ]
INFO: [ view_filter ] --END-- [ RunTime:0.000105s ]
INFO: [ app_end ] --START--
INFO: Run Behavior\ShowPageTraceBehavior [ RunTime:0.000249s ]
INFO: [ app_end ] --END-- [ RunTime:0.000269s ]

[ 2022-04-01T14:07:07+08:00 ] 180.163.220.67 /
INFO: [ app_init ] --START--
INFO: Run Behavior\BuildLiteBehavior [ RunTime:0.000005s ]
INFO: [ app_init ] --END-- [ RunTime:0.000158s ]
INFO: [ app_begin ] --START--
INFO: Run Behavior\ReadHtmlCacheBehavior [ RunTime:0.000229s ]
INFO: [ app_begin ] --END-- [ RunTime:0.000249s ]
INFO: [ view_parse ] --START--
INFO: [ template_filter ] --START--
INFO: Run Behavior\ContentReplaceBehavior [ RunTime:0.000016s ]
INFO: [ template_filter ] --END-- [ RunTime:0.000035s ]
INFO: Run Behavior\ParseTemplateBehavior [ RunTime:0.002706s ]
INFO: [ view_parse ] --END-- [ RunTime:0.002730s ]
INFO: [ view_filter ] --START--
INFO: Run Behavior\WriteHtmlCacheBehavior [ RunTime:0.000086s ]
INFO: [ view_filter ] --END-- [ RunTime:0.000102s ]
INFO: [ app_end ] --START--
INFO: Run Behavior\ShowPageTraceBehavior [ RunTime:0.000222s ]
INFO: [ app_end ] --END-- [ RunTime:0.000239s ]

[ 2022-04-01T14:07:09+08:00 ] 180.163.220.67 /
INFO: [ app_init ] --START--
INFO: Run Behavior\BuildLiteBehavior [ RunTime:0.000006s ]
INFO: [ app_init ] --END-- [ RunTime:0.000171s ]
INFO: [ app_begin ] --START--
INFO: Run Behavior\ReadHtmlCacheBehavior [ RunTime:0.000213s ]
INFO: [ app_begin ] --END-- [ RunTime:0.000233s ]
INFO: [ view_parse ] --START--
INFO: [ template_filter ] --START--
INFO: Run Behavior\ContentReplaceBehavior [ RunTime:0.000016s ]
INFO: [ template_filter ] --END-- [ RunTime:0.000037s ]
INFO: Run Behavior\ParseTemplateBehavior [ RunTime:0.002777s ]
INFO: [ view_parse ] --END-- [ RunTime:0.002799s ]
INFO: [ view_filter ] --START--
INFO: Run Behavior\WriteHtmlCacheBehavior [ RunTime:0.000086s ]
INFO: [ view_filter ] --END-- [ RunTime:0.000103s ]
INFO: [ app_end ] --START--
INFO: Run Behavior\ShowPageTraceBehavior [ RunTime:0.000283s ]
INFO: [ app_end ] --END-- [ RunTime:0.000303s ]

[ 2022-04-01T14:07:25+08:00 ] 42.236.10.106 /
INFO: [ app_init ] --START--
INFO: Run Behavior\BuildLiteBehavior [ RunTime:0.000005s ]
INFO: [ app_init ] --END-- [ RunTime:0.000173s ]
INFO: [ app_begin ] --START--
INFO: Run Behavior\ReadHtmlCacheBehavior [ RunTime:0.000226s ]
INFO: [ app_begin ] --END-- [ RunTime:0.000249s ]
INFO: [ view_parse ] --START--
INFO: [ template_filter ] --START--
INFO: Run Behavior\ContentReplaceBehavior [ RunTime:0.000016s ]
INFO: [ template_filter ] --END-- [ RunTime:0.000037s ]
INFO: Run Behavior\ParseTemplateBehavior [ RunTime:0.002577s ]
INFO: [ view_parse ] --END-- [ RunTime:0.002602s ]
INFO: [ view_filter ] --START--
INFO: Run Behavior\WriteHtmlCacheBehavior [ RunTime:0.000088s ]
INFO: [ view_filter ] --END-- [ RunTime:0.000104s ]
INFO: [ app_end ] --START--
INFO: Run Behavior\ShowPageTraceBehavior [ RunTime:0.000281s ]
INFO: [ app_end ] --END-- [ RunTime:0.000300s ]

[ 2022-04-01T14:08:20+08:00 ] 42.236.10.114 /index.php/Index/loginHandle.html
INFO: [ app_init ] --START--
INFO: Run Behavior\BuildLiteBehavior [ RunTime:0.000005s ]
INFO: [ app_init ] --END-- [ RunTime:0.000188s ]
INFO: [ app_begin ] --START--
INFO: Run Behavior\ReadHtmlCacheBehavior [ RunTime:0.000215s ]
INFO: [ app_begin ] --END-- [ RunTime:0.000237s ]
INFO: [ view_parse ] --START--
INFO: [ template_filter ] --START--
INFO: Run Behavior\ContentReplaceBehavior [ RunTime:0.000013s ]
INFO: [ template_filter ] --END-- [ RunTime:0.000033s ]
INFO: Run Behavior\ParseTemplateBehavior [ RunTime:0.002534s ]
INFO: [ view_parse ] --END-- [ RunTime:0.002559s ]
INFO: [ view_filter ] --START--
INFO: Run Behavior\WriteHtmlCacheBehavior [ RunTime:0.000093s ]
INFO: [ view_filter ] --END-- [ RunTime:0.000133s ]

[ 2022-04-01T14:12:56+08:00 ] 222.134.125.46 /
INFO: [ app_init ] --START--
INFO: Run Behavior\BuildLiteBehavior [ RunTime:0.000005s ]
INFO: [ app_init ] --END-- [ RunTime:0.000158s ]
INFO: [ app_begin ] --START--
INFO: Run Behavior\ReadHtmlCacheBehavior [ RunTime:0.000232s ]
INFO: [ app_begin ] --END-- [ RunTime:0.000256s ]
INFO: [ view_parse ] --START--
INFO: [ template_filter ] --START--
INFO: Run Behavior\ContentReplaceBehavior [ RunTime:0.000016s ]
INFO: [ template_filter ] --END-- [ RunTime:0.000037s ]
INFO: Run Behavior\ParseTemplateBehavior [ RunTime:0.002585s ]
INFO: [ view_parse ] --END-- [ RunTime:0.002610s ]
INFO: [ view_filter ] --START--
INFO: Run Behavior\WriteHtmlCacheBehavior [ RunTime:0.000102s ]
INFO: [ view_filter ] --END-- [ RunTime:0.000119s ]
INFO: [ app_end ] --START--
INFO: Run Behavior\ShowPageTraceBehavior [ RunTime:0.000226s ]
INFO: [ app_end ] --END-- [ RunTime:0.000244s ]

[ 2022-04-01T14:13:01+08:00 ] 222.134.125.46 /index.php/Index/loginHandle.html
INFO: [ app_init ] --START--
INFO: Run Behavior\BuildLiteBehavior [ RunTime:0.000005s ]
INFO: [ app_init ] --END-- [ RunTime:0.000155s ]
INFO: [ app_begin ] --START--
INFO: Run Behavior\ReadHtmlCacheBehavior [ RunTime:0.000213s ]
INFO: [ app_begin ] --END-- [ RunTime:0.000235s ]
NOTIC: [8192] mysql_connect(): The mysql extension is deprecated and will be removed in the future: use mysqli or PDO instead /www/wwwroot/nj.imlsr.top/ThinkPHP/Library/Think/Db/Driver/Mysql.class.php 第 52 行.
SQL: SHOW COLUMNS FROM `people` [ RunTime:0.000512s ]
SQL: SELECT * FROM `people` WHERE ( `name` = '王大为' ) LIMIT 1   [ RunTime:0.000369s ]
SQL: SHOW COLUMNS FROM `time` [ RunTime:0.001094s ]
SQL: SELECT * FROM `time` WHERE ( `people_id` = 17 )  [ RunTime:0.000193s ]
SQL: UPDATE `time` SET `endTime`=1648793581 WHERE ( `id` = 120 ) [ RunTime:0.008929s ]
INFO: [ view_parse ] --START--
INFO: [ template_filter ] --START--
INFO: Run Behavior\ContentReplaceBehavior [ RunTime:0.000022s ]
INFO: [ template_filter ] --END-- [ RunTime:0.000057s ]
INFO: Run Behavior\ParseTemplateBehavior [ RunTime:0.004322s ]
INFO: [ view_parse ] --END-- [ RunTime:0.004356s ]
INFO: [ view_filter ] --START--
INFO: Run Behavior\WriteHtmlCacheBehavior [ RunTime:0.000138s ]
INFO: [ view_filter ] --END-- [ RunTime:0.000166s ]
INFO: [ app_end ] --START--
INFO: Run Behavior\ShowPageTraceBehavior [ RunTime:0.000418s ]
INFO: [ app_end ] --END-- [ RunTime:0.000446s ]

[ 2022-04-01T14:13:06+08:00 ] 222.134.125.46 /index.php/Index/day.html?name=%E7%8E%8B%E5%A4%A7%E4%B8%BA
INFO: [ app_init ] --START--
INFO: Run Behavior\BuildLiteBehavior [ RunTime:0.000018s ]
INFO: [ app_init ] --END-- [ RunTime:0.000168s ]
INFO: [ app_begin ] --START--
INFO: Run Behavior\ReadHtmlCacheBehavior [ RunTime:0.000214s ]
INFO: [ app_begin ] --END-- [ RunTime:0.000235s ]
NOTIC: [8192] mysql_connect(): The mysql extension is deprecated and will be removed in the future: use mysqli or PDO instead /www/wwwroot/nj.imlsr.top/ThinkPHP/Library/Think/Db/Driver/Mysql.class.php 第 52 行.
SQL: SHOW COLUMNS FROM `people` [ RunTime:0.000396s ]
SQL: SELECT * FROM `people`  [ RunTime:0.000125s ]
SQL: SHOW COLUMNS FROM `time` [ RunTime:0.000269s ]
SQL: SELECT * FROM `time` WHERE ( `people_id` = 14 )  [ RunTime:0.000148s ]
SQL: SELECT * FROM `time` WHERE ( `people_id` = 15 )  [ RunTime:0.000136s ]
SQL: SELECT * FROM `time` WHERE ( `people_id` = 16 )  [ RunTime:0.000119s ]
SQL: SELECT * FROM `time` WHERE ( `people_id` = 17 )  [ RunTime:0.000116s ]
SQL: SELECT * FROM `time` WHERE ( `people_id` = 18 )  [ RunTime:0.000118s ]
SQL: SELECT * FROM `time` WHERE ( `people_id` = 19 )  [ RunTime:0.000114s ]
SQL: SELECT * FROM `time` WHERE ( `people_id` = 20 )  [ RunTime:0.000125s ]
SQL: SELECT * FROM `time` WHERE ( `people_id` = 21 )  [ RunTime:0.000129s ]
INFO: [ view_parse ] --START--
INFO: [ template_filter ] --START--
INFO: Run Behavior\ContentReplaceBehavior [ RunTime:0.000022s ]
INFO: [ template_filter ] --END-- [ RunTime:0.000043s ]
INFO: Run Behavior\ParseTemplateBehavior [ RunTime:0.003588s ]
INFO: [ view_parse ] --END-- [ RunTime:0.003618s ]
INFO: [ view_filter ] --START--
INFO: Run Behavior\WriteHtmlCacheBehavior [ RunTime:0.000120s ]
INFO: [ view_filter ] --END-- [ RunTime:0.000145s ]
INFO: [ app_end ] --START--
INFO: Run Behavior\ShowPageTraceBehavior [ RunTime:0.000232s ]
INFO: [ app_end ] --END-- [ RunTime:0.000249s ]

[ 2022-04-01T20:20:23+08:00 ] 34.96.130.3 /
INFO: [ app_init ] --START--
INFO: Run Behavior\BuildLiteBehavior [ RunTime:0.000008s ]
INFO: [ app_init ] --END-- [ RunTime:0.000280s ]
INFO: [ app_begin ] --START--
INFO: Run Behavior\ReadHtmlCacheBehavior [ RunTime:0.000274s ]
INFO: [ app_begin ] --END-- [ RunTime:0.000301s ]
INFO: [ view_parse ] --START--
INFO: [ template_filter ] --START--
INFO: Run Behavior\ContentReplaceBehavior [ RunTime:0.000016s ]
INFO: [ template_filter ] --END-- [ RunTime:0.000036s ]
INFO: Run Behavior\ParseTemplateBehavior [ RunTime:0.002687s ]
INFO: [ view_parse ] --END-- [ RunTime:0.002711s ]
INFO: [ view_filter ] --START--
INFO: Run Behavior\WriteHtmlCacheBehavior [ RunTime:0.000103s ]
INFO: [ view_filter ] --END-- [ RunTime:0.000122s ]
INFO: [ app_end ] --START--
INFO: Run Behavior\ShowPageTraceBehavior [ RunTime:0.000283s ]
INFO: [ app_end ] --END-- [ RunTime:0.000302s ]

