[ 2022-03-31T06:58:42+08:00 ] 223.96.64.69 /
INFO: [ app_init ] --START--
INFO: Run Behavior\BuildLiteBehavior [ RunTime:0.000005s ]
INFO: [ app_init ] --END-- [ RunTime:0.000155s ]
INFO: [ app_begin ] --START--
INFO: Run Behavior\ReadHtmlCacheBehavior [ RunTime:0.000211s ]
INFO: [ app_begin ] --END-- [ RunTime:0.000231s ]
INFO: [ view_parse ] --START--
INFO: [ template_filter ] --START--
INFO: Run Behavior\ContentReplaceBehavior [ RunTime:0.000016s ]
INFO: [ template_filter ] --END-- [ RunTime:0.000037s ]
INFO: Run Behavior\ParseTemplateBehavior [ RunTime:0.002562s ]
INFO: [ view_parse ] --END-- [ RunTime:0.002586s ]
INFO: [ view_filter ] --START--
INFO: Run Behavior\WriteHtmlCacheBehavior [ RunTime:0.000086s ]
INFO: [ view_filter ] --END-- [ RunTime:0.000102s ]
INFO: [ app_end ] --START--
INFO: Run Behavior\ShowPageTraceBehavior [ RunTime:0.000240s ]
INFO: [ app_end ] --END-- [ RunTime:0.000258s ]

[ 2022-03-31T06:58:47+08:00 ] 223.96.64.69 /index.php/Index/loginHandle.html
INFO: [ app_init ] --START--
INFO: Run Behavior\BuildLiteBehavior [ RunTime:0.000005s ]
INFO: [ app_init ] --END-- [ RunTime:0.000157s ]
INFO: [ app_begin ] --START--
INFO: Run Behavior\ReadHtmlCacheBehavior [ RunTime:0.000211s ]
INFO: [ app_begin ] --END-- [ RunTime:0.000232s ]
NOTIC: [8192] mysql_connect(): The mysql extension is deprecated and will be removed in the future: use mysqli or PDO instead /www/wwwroot/nj.imlsr.top/ThinkPHP/Library/Think/Db/Driver/Mysql.class.php 第 52 行.
SQL: SHOW COLUMNS FROM `people` [ RunTime:0.000381s ]
SQL: SELECT * FROM `people` WHERE ( `name` = '黄家俊' ) LIMIT 1   [ RunTime:0.000148s ]
SQL: SHOW COLUMNS FROM `time` [ RunTime:0.000293s ]
SQL: SELECT * FROM `time` WHERE ( `people_id` = 19 )  [ RunTime:0.000144s ]
SQL: INSERT INTO `time` (`endTime`,`people_id`) VALUES (1648681127,19) [ RunTime:0.003471s ]
INFO: [ view_parse ] --START--
INFO: [ template_filter ] --START--
INFO: Run Behavior\ContentReplaceBehavior [ RunTime:0.000014s ]
INFO: [ template_filter ] --END-- [ RunTime:0.000035s ]
INFO: Run Behavior\ParseTemplateBehavior [ RunTime:0.002586s ]
INFO: [ view_parse ] --END-- [ RunTime:0.002612s ]
INFO: [ view_filter ] --START--
INFO: Run Behavior\WriteHtmlCacheBehavior [ RunTime:0.000126s ]
INFO: [ view_filter ] --END-- [ RunTime:0.000148s ]
INFO: [ app_end ] --START--
INFO: Run Behavior\ShowPageTraceBehavior [ RunTime:0.000280s ]
INFO: [ app_end ] --END-- [ RunTime:0.000301s ]

[ 2022-03-31T07:00:50+08:00 ] 223.96.64.147 /
INFO: [ app_init ] --START--
INFO: Run Behavior\BuildLiteBehavior [ RunTime:0.000006s ]
INFO: [ app_init ] --END-- [ RunTime:0.000159s ]
INFO: [ app_begin ] --START--
INFO: Run Behavior\ReadHtmlCacheBehavior [ RunTime:0.000212s ]
INFO: [ app_begin ] --END-- [ RunTime:0.000232s ]
INFO: [ view_parse ] --START--
INFO: [ template_filter ] --START--
INFO: Run Behavior\ContentReplaceBehavior [ RunTime:0.000023s ]
INFO: [ template_filter ] --END-- [ RunTime:0.000056s ]
INFO: Run Behavior\ParseTemplateBehavior [ RunTime:0.002842s ]
INFO: [ view_parse ] --END-- [ RunTime:0.002872s ]
INFO: [ view_filter ] --START--
INFO: Run Behavior\WriteHtmlCacheBehavior [ RunTime:0.000110s ]
INFO: [ view_filter ] --END-- [ RunTime:0.000130s ]
INFO: [ app_end ] --START--
INFO: Run Behavior\ShowPageTraceBehavior [ RunTime:0.000224s ]
INFO: [ app_end ] --END-- [ RunTime:0.000241s ]

[ 2022-03-31T07:00:51+08:00 ] 223.96.64.147 /index.php/Index/loginHandle.html
INFO: [ app_init ] --START--
INFO: Run Behavior\BuildLiteBehavior [ RunTime:0.000006s ]
INFO: [ app_init ] --END-- [ RunTime:0.000154s ]
INFO: [ app_begin ] --START--
INFO: Run Behavior\ReadHtmlCacheBehavior [ RunTime:0.000219s ]
INFO: [ app_begin ] --END-- [ RunTime:0.000240s ]
INFO: [ view_parse ] --START--
INFO: [ template_filter ] --START--
INFO: Run Behavior\ContentReplaceBehavior [ RunTime:0.000012s ]
INFO: [ template_filter ] --END-- [ RunTime:0.000033s ]
INFO: Run Behavior\ParseTemplateBehavior [ RunTime:0.002517s ]
INFO: [ view_parse ] --END-- [ RunTime:0.002541s ]
INFO: [ view_filter ] --START--
INFO: Run Behavior\WriteHtmlCacheBehavior [ RunTime:0.000086s ]
INFO: [ view_filter ] --END-- [ RunTime:0.000103s ]

[ 2022-03-31T07:00:59+08:00 ] 223.96.64.147 /index.php/Index/loginHandle.html
INFO: [ app_init ] --START--
INFO: Run Behavior\BuildLiteBehavior [ RunTime:0.000005s ]
INFO: [ app_init ] --END-- [ RunTime:0.000159s ]
INFO: [ app_begin ] --START--
INFO: Run Behavior\ReadHtmlCacheBehavior [ RunTime:0.000210s ]
INFO: [ app_begin ] --END-- [ RunTime:0.000231s ]
NOTIC: [8192] mysql_connect(): The mysql extension is deprecated and will be removed in the future: use mysqli or PDO instead /www/wwwroot/nj.imlsr.top/ThinkPHP/Library/Think/Db/Driver/Mysql.class.php 第 52 行.
SQL: SHOW COLUMNS FROM `people` [ RunTime:0.000453s ]
SQL: SELECT * FROM `people` WHERE ( `name` = '李尚儒' ) LIMIT 1   [ RunTime:0.000156s ]
SQL: SHOW COLUMNS FROM `time` [ RunTime:0.000302s ]
SQL: SELECT * FROM `time` WHERE ( `people_id` = 14 )  [ RunTime:0.000147s ]
SQL: INSERT INTO `time` (`endTime`,`people_id`) VALUES (1648681259,14) [ RunTime:0.004151s ]
INFO: [ view_parse ] --START--
INFO: [ template_filter ] --START--
INFO: Run Behavior\ContentReplaceBehavior [ RunTime:0.000017s ]
INFO: [ template_filter ] --END-- [ RunTime:0.000039s ]
INFO: Run Behavior\ParseTemplateBehavior [ RunTime:0.002838s ]
INFO: [ view_parse ] --END-- [ RunTime:0.002863s ]
INFO: [ view_filter ] --START--
INFO: Run Behavior\WriteHtmlCacheBehavior [ RunTime:0.000107s ]
INFO: [ view_filter ] --END-- [ RunTime:0.000123s ]
INFO: [ app_end ] --START--
INFO: Run Behavior\ShowPageTraceBehavior [ RunTime:0.000251s ]
INFO: [ app_end ] --END-- [ RunTime:0.000269s ]

[ 2022-03-31T07:01:01+08:00 ] 223.96.64.147 /index.php/Index/day.html?name=%E6%9D%8E%E5%B0%9A%E5%84%92
INFO: [ app_init ] --START--
INFO: Run Behavior\BuildLiteBehavior [ RunTime:0.000006s ]
INFO: [ app_init ] --END-- [ RunTime:0.000338s ]
INFO: [ app_begin ] --START--
INFO: Run Behavior\ReadHtmlCacheBehavior [ RunTime:0.000251s ]
INFO: [ app_begin ] --END-- [ RunTime:0.000273s ]
NOTIC: [8192] mysql_connect(): The mysql extension is deprecated and will be removed in the future: use mysqli or PDO instead /www/wwwroot/nj.imlsr.top/ThinkPHP/Library/Think/Db/Driver/Mysql.class.php 第 52 行.
SQL: SHOW COLUMNS FROM `people` [ RunTime:0.000381s ]
SQL: SELECT * FROM `people`  [ RunTime:0.000125s ]
SQL: SHOW COLUMNS FROM `time` [ RunTime:0.000278s ]
SQL: SELECT * FROM `time` WHERE ( `people_id` = 14 )  [ RunTime:0.000156s ]
SQL: SELECT * FROM `time` WHERE ( `people_id` = 15 )  [ RunTime:0.000131s ]
SQL: SELECT * FROM `time` WHERE ( `people_id` = 16 )  [ RunTime:0.000129s ]
SQL: SELECT * FROM `time` WHERE ( `people_id` = 17 )  [ RunTime:0.000148s ]
SQL: SELECT * FROM `time` WHERE ( `people_id` = 18 )  [ RunTime:0.000135s ]
SQL: SELECT * FROM `time` WHERE ( `people_id` = 19 )  [ RunTime:0.000172s ]
SQL: SELECT * FROM `time` WHERE ( `people_id` = 20 )  [ RunTime:0.000146s ]
SQL: SELECT * FROM `time` WHERE ( `people_id` = 21 )  [ RunTime:0.000146s ]
INFO: [ view_parse ] --START--
INFO: [ template_filter ] --START--
INFO: Run Behavior\ContentReplaceBehavior [ RunTime:0.000036s ]
INFO: [ template_filter ] --END-- [ RunTime:0.000058s ]
INFO: Run Behavior\ParseTemplateBehavior [ RunTime:0.003206s ]
INFO: [ view_parse ] --END-- [ RunTime:0.003227s ]
INFO: [ view_filter ] --START--
INFO: Run Behavior\WriteHtmlCacheBehavior [ RunTime:0.000086s ]
INFO: [ view_filter ] --END-- [ RunTime:0.000101s ]
INFO: [ app_end ] --START--
INFO: Run Behavior\ShowPageTraceBehavior [ RunTime:0.000221s ]
INFO: [ app_end ] --END-- [ RunTime:0.000238s ]

[ 2022-03-31T07:01:05+08:00 ] 223.96.64.147 /index.php/Index/index.html
INFO: [ app_init ] --START--
INFO: Run Behavior\BuildLiteBehavior [ RunTime:0.000006s ]
INFO: [ app_init ] --END-- [ RunTime:0.000179s ]
INFO: [ app_begin ] --START--
INFO: Run Behavior\ReadHtmlCacheBehavior [ RunTime:0.000242s ]
INFO: [ app_begin ] --END-- [ RunTime:0.000264s ]
INFO: [ view_parse ] --START--
INFO: [ template_filter ] --START--
INFO: Run Behavior\ContentReplaceBehavior [ RunTime:0.000016s ]
INFO: [ template_filter ] --END-- [ RunTime:0.000039s ]
INFO: Run Behavior\ParseTemplateBehavior [ RunTime:0.002695s ]
INFO: [ view_parse ] --END-- [ RunTime:0.002718s ]
INFO: [ view_filter ] --START--
INFO: Run Behavior\WriteHtmlCacheBehavior [ RunTime:0.000085s ]
INFO: [ view_filter ] --END-- [ RunTime:0.000101s ]
INFO: [ app_end ] --START--
INFO: Run Behavior\ShowPageTraceBehavior [ RunTime:0.000229s ]
INFO: [ app_end ] --END-- [ RunTime:0.000251s ]

[ 2022-03-31T07:01:26+08:00 ] 222.134.125.46 /
INFO: [ app_init ] --START--
INFO: Run Behavior\BuildLiteBehavior [ RunTime:0.000005s ]
INFO: [ app_init ] --END-- [ RunTime:0.000159s ]
INFO: [ app_begin ] --START--
INFO: Run Behavior\ReadHtmlCacheBehavior [ RunTime:0.000212s ]
INFO: [ app_begin ] --END-- [ RunTime:0.000234s ]
INFO: [ view_parse ] --START--
INFO: [ template_filter ] --START--
INFO: Run Behavior\ContentReplaceBehavior [ RunTime:0.000016s ]
INFO: [ template_filter ] --END-- [ RunTime:0.000035s ]
INFO: Run Behavior\ParseTemplateBehavior [ RunTime:0.002572s ]
INFO: [ view_parse ] --END-- [ RunTime:0.002595s ]
INFO: [ view_filter ] --START--
INFO: Run Behavior\WriteHtmlCacheBehavior [ RunTime:0.000107s ]
INFO: [ view_filter ] --END-- [ RunTime:0.000125s ]
INFO: [ app_end ] --START--
INFO: Run Behavior\ShowPageTraceBehavior [ RunTime:0.000221s ]
INFO: [ app_end ] --END-- [ RunTime:0.000239s ]

[ 2022-03-31T07:01:38+08:00 ] 222.134.125.46 /index.php/Index/loginHandle.html
INFO: [ app_init ] --START--
INFO: Run Behavior\BuildLiteBehavior [ RunTime:0.000006s ]
INFO: [ app_init ] --END-- [ RunTime:0.000172s ]
INFO: [ app_begin ] --START--
INFO: Run Behavior\ReadHtmlCacheBehavior [ RunTime:0.000223s ]
INFO: [ app_begin ] --END-- [ RunTime:0.000245s ]
NOTIC: [8192] mysql_connect(): The mysql extension is deprecated and will be removed in the future: use mysqli or PDO instead /www/wwwroot/nj.imlsr.top/ThinkPHP/Library/Think/Db/Driver/Mysql.class.php 第 52 行.
SQL: SHOW COLUMNS FROM `people` [ RunTime:0.000432s ]
SQL: SELECT * FROM `people` WHERE ( `name` = '王大为' ) LIMIT 1   [ RunTime:0.000172s ]
SQL: SHOW COLUMNS FROM `time` [ RunTime:0.000284s ]
SQL: SELECT * FROM `time` WHERE ( `people_id` = 17 )  [ RunTime:0.000150s ]
SQL: INSERT INTO `time` (`endTime`,`people_id`) VALUES (1648681298,17) [ RunTime:0.003822s ]
INFO: [ view_parse ] --START--
INFO: [ template_filter ] --START--
INFO: Run Behavior\ContentReplaceBehavior [ RunTime:0.000018s ]
INFO: [ template_filter ] --END-- [ RunTime:0.000041s ]
INFO: Run Behavior\ParseTemplateBehavior [ RunTime:0.002821s ]
INFO: [ view_parse ] --END-- [ RunTime:0.002846s ]
INFO: [ view_filter ] --START--
INFO: Run Behavior\WriteHtmlCacheBehavior [ RunTime:0.000085s ]
INFO: [ view_filter ] --END-- [ RunTime:0.000102s ]
INFO: [ app_end ] --START--
INFO: Run Behavior\ShowPageTraceBehavior [ RunTime:0.000247s ]
INFO: [ app_end ] --END-- [ RunTime:0.000266s ]

[ 2022-03-31T07:01:44+08:00 ] 222.134.125.46 /index.php/Index/day.html?name=%E7%8E%8B%E5%A4%A7%E4%B8%BA
INFO: [ app_init ] --START--
INFO: Run Behavior\BuildLiteBehavior [ RunTime:0.000007s ]
INFO: [ app_init ] --END-- [ RunTime:0.000161s ]
INFO: [ app_begin ] --START--
INFO: Run Behavior\ReadHtmlCacheBehavior [ RunTime:0.000216s ]
INFO: [ app_begin ] --END-- [ RunTime:0.000237s ]
NOTIC: [8192] mysql_connect(): The mysql extension is deprecated and will be removed in the future: use mysqli or PDO instead /www/wwwroot/nj.imlsr.top/ThinkPHP/Library/Think/Db/Driver/Mysql.class.php 第 52 行.
SQL: SHOW COLUMNS FROM `people` [ RunTime:0.000473s ]
SQL: SELECT * FROM `people`  [ RunTime:0.000175s ]
SQL: SHOW COLUMNS FROM `time` [ RunTime:0.000352s ]
SQL: SELECT * FROM `time` WHERE ( `people_id` = 14 )  [ RunTime:0.000169s ]
SQL: SELECT * FROM `time` WHERE ( `people_id` = 15 )  [ RunTime:0.000154s ]
SQL: SELECT * FROM `time` WHERE ( `people_id` = 16 )  [ RunTime:0.000132s ]
SQL: SELECT * FROM `time` WHERE ( `people_id` = 17 )  [ RunTime:0.000131s ]
SQL: SELECT * FROM `time` WHERE ( `people_id` = 18 )  [ RunTime:0.000134s ]
SQL: SELECT * FROM `time` WHERE ( `people_id` = 19 )  [ RunTime:0.000158s ]
SQL: SELECT * FROM `time` WHERE ( `people_id` = 20 )  [ RunTime:0.000130s ]
SQL: SELECT * FROM `time` WHERE ( `people_id` = 21 )  [ RunTime:0.000130s ]
INFO: [ view_parse ] --START--
INFO: [ template_filter ] --START--
INFO: Run Behavior\ContentReplaceBehavior [ RunTime:0.000025s ]
INFO: [ template_filter ] --END-- [ RunTime:0.000070s ]
INFO: Run Behavior\ParseTemplateBehavior [ RunTime:0.003797s ]
INFO: [ view_parse ] --END-- [ RunTime:0.003822s ]
INFO: [ view_filter ] --START--
INFO: Run Behavior\WriteHtmlCacheBehavior [ RunTime:0.000092s ]
INFO: [ view_filter ] --END-- [ RunTime:0.000107s ]
INFO: [ app_end ] --START--
INFO: Run Behavior\ShowPageTraceBehavior [ RunTime:0.000281s ]
INFO: [ app_end ] --END-- [ RunTime:0.000306s ]

[ 2022-03-31T07:04:32+08:00 ] 223.96.40.77 /
INFO: [ app_init ] --START--
INFO: Run Behavior\BuildLiteBehavior [ RunTime:0.000005s ]
INFO: [ app_init ] --END-- [ RunTime:0.000156s ]
INFO: [ app_begin ] --START--
INFO: Run Behavior\ReadHtmlCacheBehavior [ RunTime:0.000214s ]
INFO: [ app_begin ] --END-- [ RunTime:0.000234s ]
INFO: [ view_parse ] --START--
INFO: [ template_filter ] --START--
INFO: Run Behavior\ContentReplaceBehavior [ RunTime:0.000016s ]
INFO: [ template_filter ] --END-- [ RunTime:0.000036s ]
INFO: Run Behavior\ParseTemplateBehavior [ RunTime:0.002629s ]
INFO: [ view_parse ] --END-- [ RunTime:0.002656s ]
INFO: [ view_filter ] --START--
INFO: Run Behavior\WriteHtmlCacheBehavior [ RunTime:0.000100s ]
INFO: [ view_filter ] --END-- [ RunTime:0.000118s ]
INFO: [ app_end ] --START--
INFO: Run Behavior\ShowPageTraceBehavior [ RunTime:0.000223s ]
INFO: [ app_end ] --END-- [ RunTime:0.000240s ]

[ 2022-03-31T07:04:32+08:00 ] 223.96.40.77 /
INFO: [ app_init ] --START--
INFO: Run Behavior\BuildLiteBehavior [ RunTime:0.000005s ]
INFO: [ app_init ] --END-- [ RunTime:0.000162s ]
INFO: [ app_begin ] --START--
INFO: Run Behavior\ReadHtmlCacheBehavior [ RunTime:0.000231s ]
INFO: [ app_begin ] --END-- [ RunTime:0.000252s ]
INFO: [ view_parse ] --START--
INFO: [ template_filter ] --START--
INFO: Run Behavior\ContentReplaceBehavior [ RunTime:0.000017s ]
INFO: [ template_filter ] --END-- [ RunTime:0.000038s ]
INFO: Run Behavior\ParseTemplateBehavior [ RunTime:0.002808s ]
INFO: [ view_parse ] --END-- [ RunTime:0.002830s ]
INFO: [ view_filter ] --START--
INFO: Run Behavior\WriteHtmlCacheBehavior [ RunTime:0.000090s ]
INFO: [ view_filter ] --END-- [ RunTime:0.000108s ]
INFO: [ app_end ] --START--
INFO: Run Behavior\ShowPageTraceBehavior [ RunTime:0.000238s ]
INFO: [ app_end ] --END-- [ RunTime:0.000256s ]

[ 2022-03-31T07:04:33+08:00 ] 223.96.40.77 /
INFO: [ app_init ] --START--
INFO: Run Behavior\BuildLiteBehavior [ RunTime:0.000008s ]
INFO: [ app_init ] --END-- [ RunTime:0.000233s ]
INFO: [ app_begin ] --START--
INFO: Run Behavior\ReadHtmlCacheBehavior [ RunTime:0.000331s ]
INFO: [ app_begin ] --END-- [ RunTime:0.000363s ]
INFO: [ view_parse ] --START--
INFO: [ template_filter ] --START--
INFO: Run Behavior\ContentReplaceBehavior [ RunTime:0.000021s ]
INFO: [ template_filter ] --END-- [ RunTime:0.000049s ]
INFO: Run Behavior\ParseTemplateBehavior [ RunTime:0.003942s ]
INFO: [ view_parse ] --END-- [ RunTime:0.003971s ]
INFO: [ view_filter ] --START--
INFO: Run Behavior\WriteHtmlCacheBehavior [ RunTime:0.000121s ]
INFO: [ view_filter ] --END-- [ RunTime:0.000143s ]
INFO: [ app_end ] --START--
INFO: Run Behavior\ShowPageTraceBehavior [ RunTime:0.000309s ]
INFO: [ app_end ] --END-- [ RunTime:0.000333s ]

[ 2022-03-31T07:04:45+08:00 ] 223.96.40.77 /index.php/Index/loginHandle.html
INFO: [ app_init ] --START--
INFO: Run Behavior\BuildLiteBehavior [ RunTime:0.000006s ]
INFO: [ app_init ] --END-- [ RunTime:0.000160s ]
INFO: [ app_begin ] --START--
INFO: Run Behavior\ReadHtmlCacheBehavior [ RunTime:0.000210s ]
INFO: [ app_begin ] --END-- [ RunTime:0.000231s ]
NOTIC: [8192] mysql_connect(): The mysql extension is deprecated and will be removed in the future: use mysqli or PDO instead /www/wwwroot/nj.imlsr.top/ThinkPHP/Library/Think/Db/Driver/Mysql.class.php 第 52 行.
SQL: SHOW COLUMNS FROM `people` [ RunTime:0.000424s ]
SQL: SELECT * FROM `people` WHERE ( `name` = '吕忻洋' ) LIMIT 1   [ RunTime:0.000144s ]
SQL: SHOW COLUMNS FROM `time` [ RunTime:0.000301s ]
SQL: SELECT * FROM `time` WHERE ( `people_id` = 15 )  [ RunTime:0.000139s ]
SQL: INSERT INTO `time` (`endTime`,`people_id`) VALUES (1648681485,15) [ RunTime:0.002949s ]
INFO: [ view_parse ] --START--
INFO: [ template_filter ] --START--
INFO: Run Behavior\ContentReplaceBehavior [ RunTime:0.000013s ]
INFO: [ template_filter ] --END-- [ RunTime:0.000035s ]
INFO: Run Behavior\ParseTemplateBehavior [ RunTime:0.002597s ]
INFO: [ view_parse ] --END-- [ RunTime:0.002619s ]
INFO: [ view_filter ] --START--
INFO: Run Behavior\WriteHtmlCacheBehavior [ RunTime:0.000083s ]
INFO: [ view_filter ] --END-- [ RunTime:0.000099s ]
INFO: [ app_end ] --START--
INFO: Run Behavior\ShowPageTraceBehavior [ RunTime:0.000221s ]
INFO: [ app_end ] --END-- [ RunTime:0.000238s ]

[ 2022-03-31T07:05:40+08:00 ] 223.96.64.147 /index.php/Index/day.html
INFO: [ app_init ] --START--
INFO: Run Behavior\BuildLiteBehavior [ RunTime:0.000005s ]
INFO: [ app_init ] --END-- [ RunTime:0.000157s ]
INFO: [ app_begin ] --START--
INFO: Run Behavior\ReadHtmlCacheBehavior [ RunTime:0.000243s ]
INFO: [ app_begin ] --END-- [ RunTime:0.000268s ]
NOTIC: [8] Undefined index: name /www/wwwroot/nj.imlsr.top/Index/Home/Controller/IndexController.class.php 第 65 行.
NOTIC: [8192] mysql_connect(): The mysql extension is deprecated and will be removed in the future: use mysqli or PDO instead /www/wwwroot/nj.imlsr.top/ThinkPHP/Library/Think/Db/Driver/Mysql.class.php 第 52 行.
SQL: SHOW COLUMNS FROM `people` [ RunTime:0.000444s ]
SQL: SELECT * FROM `people`  [ RunTime:0.000154s ]
SQL: SHOW COLUMNS FROM `time` [ RunTime:0.000299s ]
SQL: SELECT * FROM `time` WHERE ( `people_id` = 14 )  [ RunTime:0.000153s ]
SQL: SELECT * FROM `time` WHERE ( `people_id` = 15 )  [ RunTime:0.000121s ]
SQL: SELECT * FROM `time` WHERE ( `people_id` = 16 )  [ RunTime:0.000132s ]
SQL: SELECT * FROM `time` WHERE ( `people_id` = 17 )  [ RunTime:0.000122s ]
SQL: SELECT * FROM `time` WHERE ( `people_id` = 18 )  [ RunTime:0.000117s ]
SQL: SELECT * FROM `time` WHERE ( `people_id` = 19 )  [ RunTime:0.000119s ]
SQL: SELECT * FROM `time` WHERE ( `people_id` = 20 )  [ RunTime:0.000116s ]
SQL: SELECT * FROM `time` WHERE ( `people_id` = 21 )  [ RunTime:0.000155s ]
INFO: [ view_parse ] --START--
INFO: [ template_filter ] --START--
INFO: Run Behavior\ContentReplaceBehavior [ RunTime:0.000024s ]
INFO: [ template_filter ] --END-- [ RunTime:0.000047s ]
INFO: Run Behavior\ParseTemplateBehavior [ RunTime:0.003267s ]
INFO: [ view_parse ] --END-- [ RunTime:0.003288s ]
INFO: [ view_filter ] --START--
INFO: Run Behavior\WriteHtmlCacheBehavior [ RunTime:0.000089s ]
INFO: [ view_filter ] --END-- [ RunTime:0.000106s ]
INFO: [ app_end ] --START--
INFO: Run Behavior\ShowPageTraceBehavior [ RunTime:0.000232s ]
INFO: [ app_end ] --END-- [ RunTime:0.000250s ]

[ 2022-03-31T07:05:42+08:00 ] 223.96.67.63 /
INFO: [ app_init ] --START--
INFO: Run Behavior\BuildLiteBehavior [ RunTime:0.000006s ]
INFO: [ app_init ] --END-- [ RunTime:0.000164s ]
INFO: [ app_begin ] --START--
INFO: Run Behavior\ReadHtmlCacheBehavior [ RunTime:0.000242s ]
INFO: [ app_begin ] --END-- [ RunTime:0.000267s ]
INFO: [ view_parse ] --START--
INFO: [ template_filter ] --START--
INFO: Run Behavior\ContentReplaceBehavior [ RunTime:0.000016s ]
INFO: [ template_filter ] --END-- [ RunTime:0.000036s ]
INFO: Run Behavior\ParseTemplateBehavior [ RunTime:0.002826s ]
INFO: [ view_parse ] --END-- [ RunTime:0.002852s ]
INFO: [ view_filter ] --START--
INFO: Run Behavior\WriteHtmlCacheBehavior [ RunTime:0.000115s ]
INFO: [ view_filter ] --END-- [ RunTime:0.000134s ]
INFO: [ app_end ] --START--
INFO: Run Behavior\ShowPageTraceBehavior [ RunTime:0.000225s ]
INFO: [ app_end ] --END-- [ RunTime:0.000243s ]

[ 2022-03-31T07:05:48+08:00 ] 223.96.67.63 /index.php/Index/loginHandle.html
INFO: [ app_init ] --START--
INFO: Run Behavior\BuildLiteBehavior [ RunTime:0.000006s ]
INFO: [ app_init ] --END-- [ RunTime:0.000155s ]
INFO: [ app_begin ] --START--
INFO: Run Behavior\ReadHtmlCacheBehavior [ RunTime:0.000245s ]
INFO: [ app_begin ] --END-- [ RunTime:0.000269s ]
NOTIC: [8192] mysql_connect(): The mysql extension is deprecated and will be removed in the future: use mysqli or PDO instead /www/wwwroot/nj.imlsr.top/ThinkPHP/Library/Think/Db/Driver/Mysql.class.php 第 52 行.
SQL: SHOW COLUMNS FROM `people` [ RunTime:0.002263s ]
SQL: SELECT * FROM `people` WHERE ( `name` = '郭风尧' ) LIMIT 1   [ RunTime:0.000209s ]
SQL: SHOW COLUMNS FROM `time` [ RunTime:0.000295s ]
SQL: SELECT * FROM `time` WHERE ( `people_id` = 18 )  [ RunTime:0.000144s ]
SQL: INSERT INTO `time` (`endTime`,`people_id`) VALUES (1648681548,18) [ RunTime:0.002971s ]
INFO: [ view_parse ] --START--
INFO: [ template_filter ] --START--
INFO: Run Behavior\ContentReplaceBehavior [ RunTime:0.000017s ]
INFO: [ template_filter ] --END-- [ RunTime:0.000039s ]
INFO: Run Behavior\ParseTemplateBehavior [ RunTime:0.002893s ]
INFO: [ view_parse ] --END-- [ RunTime:0.002916s ]
INFO: [ view_filter ] --START--
INFO: Run Behavior\WriteHtmlCacheBehavior [ RunTime:0.000086s ]
INFO: [ view_filter ] --END-- [ RunTime:0.000102s ]
INFO: [ app_end ] --START--
INFO: Run Behavior\ShowPageTraceBehavior [ RunTime:0.000244s ]
INFO: [ app_end ] --END-- [ RunTime:0.000263s ]

[ 2022-03-31T07:12:46+08:00 ] 223.96.64.147 /index.php/Index/day.html
INFO: [ app_init ] --START--
INFO: Run Behavior\BuildLiteBehavior [ RunTime:0.000008s ]
INFO: [ app_init ] --END-- [ RunTime:0.000233s ]
INFO: [ app_begin ] --START--
INFO: Run Behavior\ReadHtmlCacheBehavior [ RunTime:0.000327s ]
INFO: [ app_begin ] --END-- [ RunTime:0.000356s ]
NOTIC: [8] Undefined index: name /www/wwwroot/nj.imlsr.top/Index/Home/Controller/IndexController.class.php 第 65 行.
NOTIC: [8192] mysql_connect(): The mysql extension is deprecated and will be removed in the future: use mysqli or PDO instead /www/wwwroot/nj.imlsr.top/ThinkPHP/Library/Think/Db/Driver/Mysql.class.php 第 52 行.
SQL: SHOW COLUMNS FROM `people` [ RunTime:0.000493s ]
SQL: SELECT * FROM `people`  [ RunTime:0.000140s ]
SQL: SHOW COLUMNS FROM `time` [ RunTime:0.000285s ]
SQL: SELECT * FROM `time` WHERE ( `people_id` = 14 )  [ RunTime:0.000160s ]
SQL: SELECT * FROM `time` WHERE ( `people_id` = 15 )  [ RunTime:0.000380s ]
SQL: SELECT * FROM `time` WHERE ( `people_id` = 16 )  [ RunTime:0.000181s ]
SQL: SELECT * FROM `time` WHERE ( `people_id` = 17 )  [ RunTime:0.000162s ]
SQL: SELECT * FROM `time` WHERE ( `people_id` = 18 )  [ RunTime:0.000191s ]
SQL: SELECT * FROM `time` WHERE ( `people_id` = 19 )  [ RunTime:0.000209s ]
SQL: SELECT * FROM `time` WHERE ( `people_id` = 20 )  [ RunTime:0.000200s ]
SQL: SELECT * FROM `time` WHERE ( `people_id` = 21 )  [ RunTime:0.000143s ]
INFO: [ view_parse ] --START--
INFO: [ template_filter ] --START--
INFO: Run Behavior\ContentReplaceBehavior [ RunTime:0.000027s ]
INFO: [ template_filter ] --END-- [ RunTime:0.000049s ]
INFO: Run Behavior\ParseTemplateBehavior [ RunTime:0.003657s ]
INFO: [ view_parse ] --END-- [ RunTime:0.003682s ]
INFO: [ view_filter ] --START--
INFO: Run Behavior\WriteHtmlCacheBehavior [ RunTime:0.000091s ]
INFO: [ view_filter ] --END-- [ RunTime:0.000107s ]
INFO: [ app_end ] --START--
INFO: Run Behavior\ShowPageTraceBehavior [ RunTime:0.000252s ]
INFO: [ app_end ] --END-- [ RunTime:0.000270s ]

[ 2022-03-31T07:12:55+08:00 ] 223.96.64.147 /index.php/Index/index.html
INFO: [ app_init ] --START--
INFO: Run Behavior\BuildLiteBehavior [ RunTime:0.000005s ]
INFO: [ app_init ] --END-- [ RunTime:0.000164s ]
INFO: [ app_begin ] --START--
INFO: Run Behavior\ReadHtmlCacheBehavior [ RunTime:0.000217s ]
INFO: [ app_begin ] --END-- [ RunTime:0.000237s ]
INFO: [ view_parse ] --START--
INFO: [ template_filter ] --START--
INFO: Run Behavior\ContentReplaceBehavior [ RunTime:0.000016s ]
INFO: [ template_filter ] --END-- [ RunTime:0.000037s ]
INFO: Run Behavior\ParseTemplateBehavior [ RunTime:0.002766s ]
INFO: [ view_parse ] --END-- [ RunTime:0.002788s ]
INFO: [ view_filter ] --START--
INFO: Run Behavior\WriteHtmlCacheBehavior [ RunTime:0.000086s ]
INFO: [ view_filter ] --END-- [ RunTime:0.000102s ]
INFO: [ app_end ] --START--
INFO: Run Behavior\ShowPageTraceBehavior [ RunTime:0.000220s ]
INFO: [ app_end ] --END-- [ RunTime:0.000238s ]

[ 2022-03-31T07:13:01+08:00 ] 223.96.64.147 /index.php/Index/loginHandle.html
INFO: [ app_init ] --START--
INFO: Run Behavior\BuildLiteBehavior [ RunTime:0.000005s ]
INFO: [ app_init ] --END-- [ RunTime:0.000157s ]
INFO: [ app_begin ] --START--
INFO: Run Behavior\ReadHtmlCacheBehavior [ RunTime:0.000215s ]
INFO: [ app_begin ] --END-- [ RunTime:0.000236s ]
NOTIC: [8192] mysql_connect(): The mysql extension is deprecated and will be removed in the future: use mysqli or PDO instead /www/wwwroot/nj.imlsr.top/ThinkPHP/Library/Think/Db/Driver/Mysql.class.php 第 52 行.
SQL: SHOW COLUMNS FROM `people` [ RunTime:0.000456s ]
SQL: SELECT * FROM `people` WHERE ( `name` = '王艺颖' ) LIMIT 1   [ RunTime:0.000153s ]
SQL: SHOW COLUMNS FROM `time` [ RunTime:0.000399s ]
SQL: SELECT * FROM `time` WHERE ( `people_id` = 20 )  [ RunTime:0.000147s ]
SQL: INSERT INTO `time` (`endTime`,`people_id`) VALUES (1648681981,20) [ RunTime:0.004089s ]
INFO: [ view_parse ] --START--
INFO: [ template_filter ] --START--
INFO: Run Behavior\ContentReplaceBehavior [ RunTime:0.000017s ]
INFO: [ template_filter ] --END-- [ RunTime:0.000040s ]
INFO: Run Behavior\ParseTemplateBehavior [ RunTime:0.002930s ]
INFO: [ view_parse ] --END-- [ RunTime:0.002978s ]
INFO: [ view_filter ] --START--
INFO: Run Behavior\WriteHtmlCacheBehavior [ RunTime:0.000106s ]
INFO: [ view_filter ] --END-- [ RunTime:0.000123s ]
INFO: [ app_end ] --START--
INFO: Run Behavior\ShowPageTraceBehavior [ RunTime:0.000258s ]
INFO: [ app_end ] --END-- [ RunTime:0.000278s ]

[ 2022-03-31T07:13:02+08:00 ] 223.96.64.147 /index.php/Index/day.html?name=%E7%8E%8B%E8%89%BA%E9%A2%96
INFO: [ app_init ] --START--
INFO: Run Behavior\BuildLiteBehavior [ RunTime:0.000006s ]
INFO: [ app_init ] --END-- [ RunTime:0.000157s ]
INFO: [ app_begin ] --START--
INFO: Run Behavior\ReadHtmlCacheBehavior [ RunTime:0.000381s ]
INFO: [ app_begin ] --END-- [ RunTime:0.000401s ]
NOTIC: [8192] mysql_connect(): The mysql extension is deprecated and will be removed in the future: use mysqli or PDO instead /www/wwwroot/nj.imlsr.top/ThinkPHP/Library/Think/Db/Driver/Mysql.class.php 第 52 行.
SQL: SHOW COLUMNS FROM `people` [ RunTime:0.000441s ]
SQL: SELECT * FROM `people`  [ RunTime:0.000132s ]
SQL: SHOW COLUMNS FROM `time` [ RunTime:0.000387s ]
SQL: SELECT * FROM `time` WHERE ( `people_id` = 14 )  [ RunTime:0.000373s ]
SQL: SELECT * FROM `time` WHERE ( `people_id` = 15 )  [ RunTime:0.000151s ]
SQL: SELECT * FROM `time` WHERE ( `people_id` = 16 )  [ RunTime:0.000125s ]
SQL: SELECT * FROM `time` WHERE ( `people_id` = 17 )  [ RunTime:0.000115s ]
SQL: SELECT * FROM `time` WHERE ( `people_id` = 18 )  [ RunTime:0.000111s ]
SQL: SELECT * FROM `time` WHERE ( `people_id` = 19 )  [ RunTime:0.000122s ]
SQL: SELECT * FROM `time` WHERE ( `people_id` = 20 )  [ RunTime:0.000118s ]
SQL: SELECT * FROM `time` WHERE ( `people_id` = 21 )  [ RunTime:0.000112s ]
INFO: [ view_parse ] --START--
INFO: [ template_filter ] --START--
INFO: Run Behavior\ContentReplaceBehavior [ RunTime:0.000025s ]
INFO: [ template_filter ] --END-- [ RunTime:0.000045s ]
INFO: Run Behavior\ParseTemplateBehavior [ RunTime:0.003481s ]
INFO: [ view_parse ] --END-- [ RunTime:0.003504s ]
INFO: [ view_filter ] --START--
INFO: Run Behavior\WriteHtmlCacheBehavior [ RunTime:0.000092s ]
INFO: [ view_filter ] --END-- [ RunTime:0.000122s ]
INFO: [ app_end ] --START--
INFO: Run Behavior\ShowPageTraceBehavior [ RunTime:0.000252s ]
INFO: [ app_end ] --END-- [ RunTime:0.000271s ]

[ 2022-03-31T07:13:03+08:00 ] 223.96.64.147 /index.php/Index/index.html
INFO: [ app_init ] --START--
INFO: Run Behavior\BuildLiteBehavior [ RunTime:0.000006s ]
INFO: [ app_init ] --END-- [ RunTime:0.000157s ]
INFO: [ app_begin ] --START--
INFO: Run Behavior\ReadHtmlCacheBehavior [ RunTime:0.000221s ]
INFO: [ app_begin ] --END-- [ RunTime:0.000256s ]
INFO: [ view_parse ] --START--
INFO: [ template_filter ] --START--
INFO: Run Behavior\ContentReplaceBehavior [ RunTime:0.000015s ]
INFO: [ template_filter ] --END-- [ RunTime:0.000036s ]
INFO: Run Behavior\ParseTemplateBehavior [ RunTime:0.002603s ]
INFO: [ view_parse ] --END-- [ RunTime:0.002625s ]
INFO: [ view_filter ] --START--
INFO: Run Behavior\WriteHtmlCacheBehavior [ RunTime:0.000086s ]
INFO: [ view_filter ] --END-- [ RunTime:0.000102s ]
INFO: [ app_end ] --START--
INFO: Run Behavior\ShowPageTraceBehavior [ RunTime:0.000218s ]
INFO: [ app_end ] --END-- [ RunTime:0.000235s ]

[ 2022-03-31T07:13:15+08:00 ] 223.96.64.147 /index.php/Index/loginHandle.html
INFO: [ app_init ] --START--
INFO: Run Behavior\BuildLiteBehavior [ RunTime:0.000006s ]
INFO: [ app_init ] --END-- [ RunTime:0.000157s ]
INFO: [ app_begin ] --START--
INFO: Run Behavior\ReadHtmlCacheBehavior [ RunTime:0.000213s ]
INFO: [ app_begin ] --END-- [ RunTime:0.000234s ]
NOTIC: [8192] mysql_connect(): The mysql extension is deprecated and will be removed in the future: use mysqli or PDO instead /www/wwwroot/nj.imlsr.top/ThinkPHP/Library/Think/Db/Driver/Mysql.class.php 第 52 行.
SQL: SHOW COLUMNS FROM `people` [ RunTime:0.000414s ]
SQL: SELECT * FROM `people` WHERE ( `name` = '王梓煜' ) LIMIT 1   [ RunTime:0.000148s ]
SQL: SHOW COLUMNS FROM `time` [ RunTime:0.000310s ]
SQL: SELECT * FROM `time` WHERE ( `people_id` = 16 )  [ RunTime:0.000144s ]
SQL: INSERT INTO `time` (`endTime`,`people_id`) VALUES (1648681995,16) [ RunTime:0.004401s ]
INFO: [ view_parse ] --START--
INFO: [ template_filter ] --START--
INFO: Run Behavior\ContentReplaceBehavior [ RunTime:0.000012s ]
INFO: [ template_filter ] --END-- [ RunTime:0.000032s ]
INFO: Run Behavior\ParseTemplateBehavior [ RunTime:0.002548s ]
INFO: [ view_parse ] --END-- [ RunTime:0.002569s ]
INFO: [ view_filter ] --START--
INFO: Run Behavior\WriteHtmlCacheBehavior [ RunTime:0.000082s ]
INFO: [ view_filter ] --END-- [ RunTime:0.000097s ]
INFO: [ app_end ] --START--
INFO: Run Behavior\ShowPageTraceBehavior [ RunTime:0.000218s ]
INFO: [ app_end ] --END-- [ RunTime:0.000234s ]

[ 2022-03-31T07:13:17+08:00 ] 223.96.64.147 /index.php/Index/day.html?name=%E7%8E%8B%E6%A2%93%E7%85%9C
INFO: [ app_init ] --START--
INFO: Run Behavior\BuildLiteBehavior [ RunTime:0.000006s ]
INFO: [ app_init ] --END-- [ RunTime:0.000155s ]
INFO: [ app_begin ] --START--
INFO: Run Behavior\ReadHtmlCacheBehavior [ RunTime:0.000228s ]
INFO: [ app_begin ] --END-- [ RunTime:0.000248s ]
NOTIC: [8192] mysql_connect(): The mysql extension is deprecated and will be removed in the future: use mysqli or PDO instead /www/wwwroot/nj.imlsr.top/ThinkPHP/Library/Think/Db/Driver/Mysql.class.php 第 52 行.
SQL: SHOW COLUMNS FROM `people` [ RunTime:0.000453s ]
SQL: SELECT * FROM `people`  [ RunTime:0.000162s ]
SQL: SHOW COLUMNS FROM `time` [ RunTime:0.000274s ]
SQL: SELECT * FROM `time` WHERE ( `people_id` = 14 )  [ RunTime:0.000159s ]
SQL: SELECT * FROM `time` WHERE ( `people_id` = 15 )  [ RunTime:0.000142s ]
SQL: SELECT * FROM `time` WHERE ( `people_id` = 16 )  [ RunTime:0.000157s ]
SQL: SELECT * FROM `time` WHERE ( `people_id` = 17 )  [ RunTime:0.000137s ]
SQL: SELECT * FROM `time` WHERE ( `people_id` = 18 )  [ RunTime:0.000134s ]
SQL: SELECT * FROM `time` WHERE ( `people_id` = 19 )  [ RunTime:0.000135s ]
SQL: SELECT * FROM `time` WHERE ( `people_id` = 20 )  [ RunTime:0.000161s ]
SQL: SELECT * FROM `time` WHERE ( `people_id` = 21 )  [ RunTime:0.000135s ]
INFO: [ view_parse ] --START--
INFO: [ template_filter ] --START--
INFO: Run Behavior\ContentReplaceBehavior [ RunTime:0.000025s ]
INFO: [ template_filter ] --END-- [ RunTime:0.000046s ]
INFO: Run Behavior\ParseTemplateBehavior [ RunTime:0.003471s ]
INFO: [ view_parse ] --END-- [ RunTime:0.003493s ]
INFO: [ view_filter ] --START--
INFO: Run Behavior\WriteHtmlCacheBehavior [ RunTime:0.000109s ]
INFO: [ view_filter ] --END-- [ RunTime:0.000128s ]
INFO: [ app_end ] --START--
INFO: Run Behavior\ShowPageTraceBehavior [ RunTime:0.000251s ]
INFO: [ app_end ] --END-- [ RunTime:0.000272s ]

[ 2022-03-31T07:13:18+08:00 ] 223.96.64.147 /index.php/Index/index.html
INFO: [ app_init ] --START--
INFO: Run Behavior\BuildLiteBehavior [ RunTime:0.000005s ]
INFO: [ app_init ] --END-- [ RunTime:0.000156s ]
INFO: [ app_begin ] --START--
INFO: Run Behavior\ReadHtmlCacheBehavior [ RunTime:0.000214s ]
INFO: [ app_begin ] --END-- [ RunTime:0.000234s ]
INFO: [ view_parse ] --START--
INFO: [ template_filter ] --START--
INFO: Run Behavior\ContentReplaceBehavior [ RunTime:0.000016s ]
INFO: [ template_filter ] --END-- [ RunTime:0.000036s ]
INFO: Run Behavior\ParseTemplateBehavior [ RunTime:0.002657s ]
INFO: [ view_parse ] --END-- [ RunTime:0.002677s ]
INFO: [ view_filter ] --START--
INFO: Run Behavior\WriteHtmlCacheBehavior [ RunTime:0.000082s ]
INFO: [ view_filter ] --END-- [ RunTime:0.000097s ]
INFO: [ app_end ] --START--
INFO: Run Behavior\ShowPageTraceBehavior [ RunTime:0.000227s ]
INFO: [ app_end ] --END-- [ RunTime:0.000244s ]

[ 2022-03-31T07:13:29+08:00 ] 223.96.64.147 /index.php/Index/loginHandle.html
INFO: [ app_init ] --START--
INFO: Run Behavior\BuildLiteBehavior [ RunTime:0.000006s ]
INFO: [ app_init ] --END-- [ RunTime:0.000159s ]
INFO: [ app_begin ] --START--
INFO: Run Behavior\ReadHtmlCacheBehavior [ RunTime:0.000222s ]
INFO: [ app_begin ] --END-- [ RunTime:0.000244s ]
NOTIC: [8192] mysql_connect(): The mysql extension is deprecated and will be removed in the future: use mysqli or PDO instead /www/wwwroot/nj.imlsr.top/ThinkPHP/Library/Think/Db/Driver/Mysql.class.php 第 52 行.
SQL: SHOW COLUMNS FROM `people` [ RunTime:0.000471s ]
SQL: SELECT * FROM `people` WHERE ( `name` = '姜博涵' ) LIMIT 1   [ RunTime:0.000152s ]
SQL: SHOW COLUMNS FROM `time` [ RunTime:0.000338s ]
SQL: SELECT * FROM `time` WHERE ( `people_id` = 21 )  [ RunTime:0.000206s ]
SQL: INSERT INTO `time` (`endTime`,`people_id`) VALUES (1648682009,21) [ RunTime:0.006409s ]
INFO: [ view_parse ] --START--
INFO: [ template_filter ] --START--
INFO: Run Behavior\ContentReplaceBehavior [ RunTime:0.000014s ]
INFO: [ template_filter ] --END-- [ RunTime:0.000034s ]
INFO: Run Behavior\ParseTemplateBehavior [ RunTime:0.002691s ]
INFO: [ view_parse ] --END-- [ RunTime:0.002716s ]
INFO: [ view_filter ] --START--
INFO: Run Behavior\WriteHtmlCacheBehavior [ RunTime:0.000143s ]
INFO: [ view_filter ] --END-- [ RunTime:0.000162s ]
INFO: [ app_end ] --START--
INFO: Run Behavior\ShowPageTraceBehavior [ RunTime:0.000274s ]
INFO: [ app_end ] --END-- [ RunTime:0.000362s ]

[ 2022-03-31T07:13:30+08:00 ] 223.96.64.147 /index.php/Index/day.html?name=%E5%A7%9C%E5%8D%9A%E6%B6%B5
INFO: [ app_init ] --START--
INFO: Run Behavior\BuildLiteBehavior [ RunTime:0.000006s ]
INFO: [ app_init ] --END-- [ RunTime:0.000157s ]
INFO: [ app_begin ] --START--
INFO: Run Behavior\ReadHtmlCacheBehavior [ RunTime:0.000213s ]
INFO: [ app_begin ] --END-- [ RunTime:0.000246s ]
NOTIC: [8192] mysql_connect(): The mysql extension is deprecated and will be removed in the future: use mysqli or PDO instead /www/wwwroot/nj.imlsr.top/ThinkPHP/Library/Think/Db/Driver/Mysql.class.php 第 52 行.
SQL: SHOW COLUMNS FROM `people` [ RunTime:0.000491s ]
SQL: SELECT * FROM `people`  [ RunTime:0.000137s ]
SQL: SHOW COLUMNS FROM `time` [ RunTime:0.000378s ]
SQL: SELECT * FROM `time` WHERE ( `people_id` = 14 )  [ RunTime:0.000157s ]
SQL: SELECT * FROM `time` WHERE ( `people_id` = 15 )  [ RunTime:0.000160s ]
SQL: SELECT * FROM `time` WHERE ( `people_id` = 16 )  [ RunTime:0.000142s ]
SQL: SELECT * FROM `time` WHERE ( `people_id` = 17 )  [ RunTime:0.000172s ]
SQL: SELECT * FROM `time` WHERE ( `people_id` = 18 )  [ RunTime:0.000140s ]
SQL: SELECT * FROM `time` WHERE ( `people_id` = 19 )  [ RunTime:0.000137s ]
SQL: SELECT * FROM `time` WHERE ( `people_id` = 20 )  [ RunTime:0.000133s ]
SQL: SELECT * FROM `time` WHERE ( `people_id` = 21 )  [ RunTime:0.000165s ]
INFO: [ view_parse ] --START--
INFO: [ template_filter ] --START--
INFO: Run Behavior\ContentReplaceBehavior [ RunTime:0.000021s ]
INFO: [ template_filter ] --END-- [ RunTime:0.000042s ]
INFO: Run Behavior\ParseTemplateBehavior [ RunTime:0.004484s ]
INFO: [ view_parse ] --END-- [ RunTime:0.004506s ]
INFO: [ view_filter ] --START--
INFO: Run Behavior\WriteHtmlCacheBehavior [ RunTime:0.000090s ]
INFO: [ view_filter ] --END-- [ RunTime:0.000106s ]
INFO: [ app_end ] --START--
INFO: Run Behavior\ShowPageTraceBehavior [ RunTime:0.000274s ]
INFO: [ app_end ] --END-- [ RunTime:0.000301s ]

[ 2022-03-31T07:16:04+08:00 ] 223.96.64.179 /
INFO: [ app_init ] --START--
INFO: Run Behavior\BuildLiteBehavior [ RunTime:0.000005s ]
INFO: [ app_init ] --END-- [ RunTime:0.000159s ]
INFO: [ app_begin ] --START--
INFO: Run Behavior\ReadHtmlCacheBehavior [ RunTime:0.000213s ]
INFO: [ app_begin ] --END-- [ RunTime:0.000234s ]
INFO: [ view_parse ] --START--
INFO: [ template_filter ] --START--
INFO: Run Behavior\ContentReplaceBehavior [ RunTime:0.000018s ]
INFO: [ template_filter ] --END-- [ RunTime:0.000053s ]
INFO: Run Behavior\ParseTemplateBehavior [ RunTime:0.002721s ]
INFO: [ view_parse ] --END-- [ RunTime:0.002743s ]
INFO: [ view_filter ] --START--
INFO: Run Behavior\WriteHtmlCacheBehavior [ RunTime:0.000083s ]
INFO: [ view_filter ] --END-- [ RunTime:0.000100s ]
INFO: [ app_end ] --START--
INFO: Run Behavior\ShowPageTraceBehavior [ RunTime:0.000222s ]
INFO: [ app_end ] --END-- [ RunTime:0.000239s ]

[ 2022-03-31T07:58:26+08:00 ] 223.96.40.77 /index.php/Index/index.html
INFO: [ app_init ] --START--
INFO: Run Behavior\BuildLiteBehavior [ RunTime:0.000005s ]
INFO: [ app_init ] --END-- [ RunTime:0.000156s ]
INFO: [ app_begin ] --START--
INFO: Run Behavior\ReadHtmlCacheBehavior [ RunTime:0.000220s ]
INFO: [ app_begin ] --END-- [ RunTime:0.000240s ]
INFO: [ view_parse ] --START--
INFO: [ template_filter ] --START--
INFO: Run Behavior\ContentReplaceBehavior [ RunTime:0.000016s ]
INFO: [ template_filter ] --END-- [ RunTime:0.000037s ]
INFO: Run Behavior\ParseTemplateBehavior [ RunTime:0.002647s ]
INFO: [ view_parse ] --END-- [ RunTime:0.002669s ]
INFO: [ view_filter ] --START--
INFO: Run Behavior\WriteHtmlCacheBehavior [ RunTime:0.000086s ]
INFO: [ view_filter ] --END-- [ RunTime:0.000101s ]
INFO: [ app_end ] --START--
INFO: Run Behavior\ShowPageTraceBehavior [ RunTime:0.000248s ]
INFO: [ app_end ] --END-- [ RunTime:0.000266s ]

[ 2022-03-31T07:58:42+08:00 ] 223.96.40.77 /index.php/Index/loginHandle.html
INFO: [ app_init ] --START--
INFO: Run Behavior\BuildLiteBehavior [ RunTime:0.000005s ]
INFO: [ app_init ] --END-- [ RunTime:0.000171s ]
INFO: [ app_begin ] --START--
INFO: Run Behavior\ReadHtmlCacheBehavior [ RunTime:0.000220s ]
INFO: [ app_begin ] --END-- [ RunTime:0.000241s ]
NOTIC: [8192] mysql_connect(): The mysql extension is deprecated and will be removed in the future: use mysqli or PDO instead /www/wwwroot/nj.imlsr.top/ThinkPHP/Library/Think/Db/Driver/Mysql.class.php 第 52 行.
SQL: SHOW COLUMNS FROM `people` [ RunTime:0.000407s ]
SQL: SELECT * FROM `people` WHERE ( `name` = '吕忻洋' ) LIMIT 1   [ RunTime:0.000148s ]
SQL: SHOW COLUMNS FROM `time` [ RunTime:0.000305s ]
SQL: SELECT * FROM `time` WHERE ( `people_id` = 15 )  [ RunTime:0.000160s ]
SQL: UPDATE `time` SET `endTime`=1648684722 WHERE ( `id` = 115 ) [ RunTime:0.003481s ]
INFO: [ view_parse ] --START--
INFO: [ template_filter ] --START--
INFO: Run Behavior\ContentReplaceBehavior [ RunTime:0.000014s ]
INFO: [ template_filter ] --END-- [ RunTime:0.000034s ]
INFO: Run Behavior\ParseTemplateBehavior [ RunTime:0.002587s ]
INFO: [ view_parse ] --END-- [ RunTime:0.002612s ]
INFO: [ view_filter ] --START--
INFO: Run Behavior\WriteHtmlCacheBehavior [ RunTime:0.000086s ]
INFO: [ view_filter ] --END-- [ RunTime:0.000103s ]
INFO: [ app_end ] --START--
INFO: Run Behavior\ShowPageTraceBehavior [ RunTime:0.000223s ]
INFO: [ app_end ] --END-- [ RunTime:0.000240s ]

[ 2022-03-31T07:58:48+08:00 ] 223.96.40.77 /index.php/Index/day.html?name=%E5%90%95%E5%BF%BB%E6%B4%8B
INFO: [ app_init ] --START--
INFO: Run Behavior\BuildLiteBehavior [ RunTime:0.000005s ]
INFO: [ app_init ] --END-- [ RunTime:0.000156s ]
INFO: [ app_begin ] --START--
INFO: Run Behavior\ReadHtmlCacheBehavior [ RunTime:0.000251s ]
INFO: [ app_begin ] --END-- [ RunTime:0.000272s ]
NOTIC: [8192] mysql_connect(): The mysql extension is deprecated and will be removed in the future: use mysqli or PDO instead /www/wwwroot/nj.imlsr.top/ThinkPHP/Library/Think/Db/Driver/Mysql.class.php 第 52 行.
SQL: SHOW COLUMNS FROM `people` [ RunTime:0.000381s ]
SQL: SELECT * FROM `people`  [ RunTime:0.000134s ]
SQL: SHOW COLUMNS FROM `time` [ RunTime:0.000293s ]
SQL: SELECT * FROM `time` WHERE ( `people_id` = 14 )  [ RunTime:0.000160s ]
SQL: SELECT * FROM `time` WHERE ( `people_id` = 15 )  [ RunTime:0.000135s ]
SQL: SELECT * FROM `time` WHERE ( `people_id` = 16 )  [ RunTime:0.000134s ]
SQL: SELECT * FROM `time` WHERE ( `people_id` = 17 )  [ RunTime:0.000135s ]
SQL: SELECT * FROM `time` WHERE ( `people_id` = 18 )  [ RunTime:0.000133s ]
SQL: SELECT * FROM `time` WHERE ( `people_id` = 19 )  [ RunTime:0.000135s ]
SQL: SELECT * FROM `time` WHERE ( `people_id` = 20 )  [ RunTime:0.000133s ]
SQL: SELECT * FROM `time` WHERE ( `people_id` = 21 )  [ RunTime:0.000321s ]
INFO: [ view_parse ] --START--
INFO: [ template_filter ] --START--
INFO: Run Behavior\ContentReplaceBehavior [ RunTime:0.000023s ]
INFO: [ template_filter ] --END-- [ RunTime:0.000043s ]
INFO: Run Behavior\ParseTemplateBehavior [ RunTime:0.003246s ]
INFO: [ view_parse ] --END-- [ RunTime:0.003267s ]
INFO: [ view_filter ] --START--
INFO: Run Behavior\WriteHtmlCacheBehavior [ RunTime:0.000088s ]
INFO: [ view_filter ] --END-- [ RunTime:0.000103s ]
INFO: [ app_end ] --START--
INFO: Run Behavior\ShowPageTraceBehavior [ RunTime:0.000223s ]
INFO: [ app_end ] --END-- [ RunTime:0.000257s ]

[ 2022-03-31T09:58:33+08:00 ] 61.151.178.197 /index.php/Index/day.html?name=%E5%A7%9C%E5%8D%9A%E6%B6%B5
INFO: [ app_init ] --START--
INFO: Run Behavior\BuildLiteBehavior [ RunTime:0.000005s ]
INFO: [ app_init ] --END-- [ RunTime:0.000155s ]
INFO: [ app_begin ] --START--
INFO: Run Behavior\ReadHtmlCacheBehavior [ RunTime:0.000216s ]
INFO: [ app_begin ] --END-- [ RunTime:0.000237s ]
NOTIC: [8192] mysql_connect(): The mysql extension is deprecated and will be removed in the future: use mysqli or PDO instead /www/wwwroot/nj.imlsr.top/ThinkPHP/Library/Think/Db/Driver/Mysql.class.php 第 52 行.
SQL: SHOW COLUMNS FROM `people` [ RunTime:0.000485s ]
SQL: SELECT * FROM `people`  [ RunTime:0.000182s ]
SQL: SHOW COLUMNS FROM `time` [ RunTime:0.000305s ]
SQL: SELECT * FROM `time` WHERE ( `people_id` = 14 )  [ RunTime:0.000166s ]
SQL: SELECT * FROM `time` WHERE ( `people_id` = 15 )  [ RunTime:0.000134s ]
SQL: SELECT * FROM `time` WHERE ( `people_id` = 16 )  [ RunTime:0.000130s ]
SQL: SELECT * FROM `time` WHERE ( `people_id` = 17 )  [ RunTime:0.000144s ]
SQL: SELECT * FROM `time` WHERE ( `people_id` = 18 )  [ RunTime:0.000158s ]
SQL: SELECT * FROM `time` WHERE ( `people_id` = 19 )  [ RunTime:0.000130s ]
SQL: SELECT * FROM `time` WHERE ( `people_id` = 20 )  [ RunTime:0.000116s ]
SQL: SELECT * FROM `time` WHERE ( `people_id` = 21 )  [ RunTime:0.000115s ]
INFO: [ view_parse ] --START--
INFO: [ template_filter ] --START--
INFO: Run Behavior\ContentReplaceBehavior [ RunTime:0.000023s ]
INFO: [ template_filter ] --END-- [ RunTime:0.000043s ]
INFO: Run Behavior\ParseTemplateBehavior [ RunTime:0.003401s ]
INFO: [ view_parse ] --END-- [ RunTime:0.003422s ]
INFO: [ view_filter ] --START--
INFO: Run Behavior\WriteHtmlCacheBehavior [ RunTime:0.000089s ]
INFO: [ view_filter ] --END-- [ RunTime:0.000105s ]
INFO: [ app_end ] --START--
INFO: Run Behavior\ShowPageTraceBehavior [ RunTime:0.000228s ]
INFO: [ app_end ] --END-- [ RunTime:0.000245s ]

[ 2022-03-31T13:54:36+08:00 ] 223.96.66.30 /
INFO: [ app_init ] --START--
INFO: Run Behavior\BuildLiteBehavior [ RunTime:0.000006s ]
INFO: [ app_init ] --END-- [ RunTime:0.000156s ]
INFO: [ app_begin ] --START--
INFO: Run Behavior\ReadHtmlCacheBehavior [ RunTime:0.000223s ]
INFO: [ app_begin ] --END-- [ RunTime:0.000244s ]
INFO: [ view_parse ] --START--
INFO: [ template_filter ] --START--
INFO: Run Behavior\ContentReplaceBehavior [ RunTime:0.000016s ]
INFO: [ template_filter ] --END-- [ RunTime:0.000037s ]
INFO: Run Behavior\ParseTemplateBehavior [ RunTime:0.002899s ]
INFO: [ view_parse ] --END-- [ RunTime:0.002921s ]
INFO: [ view_filter ] --START--
INFO: Run Behavior\WriteHtmlCacheBehavior [ RunTime:0.000086s ]
INFO: [ view_filter ] --END-- [ RunTime:0.000102s ]
INFO: [ app_end ] --START--
INFO: Run Behavior\ShowPageTraceBehavior [ RunTime:0.000218s ]
INFO: [ app_end ] --END-- [ RunTime:0.000235s ]

[ 2022-03-31T13:54:42+08:00 ] 223.96.66.30 /index.php/Index/loginHandle.html
INFO: [ app_init ] --START--
INFO: Run Behavior\BuildLiteBehavior [ RunTime:0.000005s ]
INFO: [ app_init ] --END-- [ RunTime:0.000185s ]
INFO: [ app_begin ] --START--
INFO: Run Behavior\ReadHtmlCacheBehavior [ RunTime:0.000214s ]
INFO: [ app_begin ] --END-- [ RunTime:0.000235s ]
NOTIC: [8192] mysql_connect(): The mysql extension is deprecated and will be removed in the future: use mysqli or PDO instead /www/wwwroot/nj.imlsr.top/ThinkPHP/Library/Think/Db/Driver/Mysql.class.php 第 52 行.
SQL: SHOW COLUMNS FROM `people` [ RunTime:0.000485s ]
SQL: SELECT * FROM `people` WHERE ( `name` = '李尚儒' ) LIMIT 1   [ RunTime:0.000163s ]
SQL: SHOW COLUMNS FROM `time` [ RunTime:0.000295s ]
SQL: SELECT * FROM `time` WHERE ( `people_id` = 14 )  [ RunTime:0.000139s ]
SQL: UPDATE `time` SET `endTime`=1648706082 WHERE ( `id` = 113 ) [ RunTime:0.003496s ]
INFO: [ view_parse ] --START--
INFO: [ template_filter ] --START--
INFO: Run Behavior\ContentReplaceBehavior [ RunTime:0.000019s ]
INFO: [ template_filter ] --END-- [ RunTime:0.000042s ]
INFO: Run Behavior\ParseTemplateBehavior [ RunTime:0.002827s ]
INFO: [ view_parse ] --END-- [ RunTime:0.002850s ]
INFO: [ view_filter ] --START--
INFO: Run Behavior\WriteHtmlCacheBehavior [ RunTime:0.000088s ]
INFO: [ view_filter ] --END-- [ RunTime:0.000104s ]
INFO: [ app_end ] --START--
INFO: Run Behavior\ShowPageTraceBehavior [ RunTime:0.000248s ]
INFO: [ app_end ] --END-- [ RunTime:0.000267s ]

[ 2022-03-31T13:55:18+08:00 ] 223.96.64.69 /
INFO: [ app_init ] --START--
INFO: Run Behavior\BuildLiteBehavior [ RunTime:0.000006s ]
INFO: [ app_init ] --END-- [ RunTime:0.000157s ]
INFO: [ app_begin ] --START--
INFO: Run Behavior\ReadHtmlCacheBehavior [ RunTime:0.000215s ]
INFO: [ app_begin ] --END-- [ RunTime:0.000235s ]
INFO: [ view_parse ] --START--
INFO: [ template_filter ] --START--
INFO: Run Behavior\ContentReplaceBehavior [ RunTime:0.000016s ]
INFO: [ template_filter ] --END-- [ RunTime:0.000037s ]
INFO: Run Behavior\ParseTemplateBehavior [ RunTime:0.002731s ]
INFO: [ view_parse ] --END-- [ RunTime:0.002757s ]
INFO: [ view_filter ] --START--
INFO: Run Behavior\WriteHtmlCacheBehavior [ RunTime:0.000102s ]
INFO: [ view_filter ] --END-- [ RunTime:0.000119s ]
INFO: [ app_end ] --START--
INFO: Run Behavior\ShowPageTraceBehavior [ RunTime:0.000297s ]
INFO: [ app_end ] --END-- [ RunTime:0.000317s ]

[ 2022-03-31T13:55:25+08:00 ] 223.96.64.69 /index.php/Index/loginHandle.html
INFO: [ app_init ] --START--
INFO: Run Behavior\BuildLiteBehavior [ RunTime:0.000006s ]
INFO: [ app_init ] --END-- [ RunTime:0.000169s ]
INFO: [ app_begin ] --START--
INFO: Run Behavior\ReadHtmlCacheBehavior [ RunTime:0.000215s ]
INFO: [ app_begin ] --END-- [ RunTime:0.000235s ]
NOTIC: [8192] mysql_connect(): The mysql extension is deprecated and will be removed in the future: use mysqli or PDO instead /www/wwwroot/nj.imlsr.top/ThinkPHP/Library/Think/Db/Driver/Mysql.class.php 第 52 行.
SQL: SHOW COLUMNS FROM `people` [ RunTime:0.000410s ]
SQL: SELECT * FROM `people` WHERE ( `name` = '黄家俊' ) LIMIT 1   [ RunTime:0.000162s ]
SQL: SHOW COLUMNS FROM `time` [ RunTime:0.000282s ]
SQL: SELECT * FROM `time` WHERE ( `people_id` = 19 )  [ RunTime:0.000154s ]
SQL: UPDATE `time` SET `endTime`=1648706125 WHERE ( `id` = 112 ) [ RunTime:0.003981s ]
INFO: [ view_parse ] --START--
INFO: [ template_filter ] --START--
INFO: Run Behavior\ContentReplaceBehavior [ RunTime:0.000015s ]
INFO: [ template_filter ] --END-- [ RunTime:0.000036s ]
INFO: Run Behavior\ParseTemplateBehavior [ RunTime:0.002598s ]
INFO: [ view_parse ] --END-- [ RunTime:0.002623s ]
INFO: [ view_filter ] --START--
INFO: Run Behavior\WriteHtmlCacheBehavior [ RunTime:0.000104s ]
INFO: [ view_filter ] --END-- [ RunTime:0.000123s ]
INFO: [ app_end ] --START--
INFO: Run Behavior\ShowPageTraceBehavior [ RunTime:0.000266s ]
INFO: [ app_end ] --END-- [ RunTime:0.000286s ]

[ 2022-03-31T13:55:30+08:00 ] 223.96.64.69 /index.php/Index/day.html?name=%E9%BB%84%E5%AE%B6%E4%BF%8A
INFO: [ app_init ] --START--
INFO: Run Behavior\BuildLiteBehavior [ RunTime:0.000005s ]
INFO: [ app_init ] --END-- [ RunTime:0.000179s ]
INFO: [ app_begin ] --START--
INFO: Run Behavior\ReadHtmlCacheBehavior [ RunTime:0.000215s ]
INFO: [ app_begin ] --END-- [ RunTime:0.000235s ]
NOTIC: [8192] mysql_connect(): The mysql extension is deprecated and will be removed in the future: use mysqli or PDO instead /www/wwwroot/nj.imlsr.top/ThinkPHP/Library/Think/Db/Driver/Mysql.class.php 第 52 行.
SQL: SHOW COLUMNS FROM `people` [ RunTime:0.000533s ]
SQL: SELECT * FROM `people`  [ RunTime:0.000151s ]
SQL: SHOW COLUMNS FROM `time` [ RunTime:0.000291s ]
SQL: SELECT * FROM `time` WHERE ( `people_id` = 14 )  [ RunTime:0.000170s ]
SQL: SELECT * FROM `time` WHERE ( `people_id` = 15 )  [ RunTime:0.000175s ]
SQL: SELECT * FROM `time` WHERE ( `people_id` = 16 )  [ RunTime:0.000142s ]
SQL: SELECT * FROM `time` WHERE ( `people_id` = 17 )  [ RunTime:0.000131s ]
SQL: SELECT * FROM `time` WHERE ( `people_id` = 18 )  [ RunTime:0.000131s ]
SQL: SELECT * FROM `time` WHERE ( `people_id` = 19 )  [ RunTime:0.000170s ]
SQL: SELECT * FROM `time` WHERE ( `people_id` = 20 )  [ RunTime:0.000159s ]
SQL: SELECT * FROM `time` WHERE ( `people_id` = 21 )  [ RunTime:0.000134s ]
INFO: [ view_parse ] --START--
INFO: [ template_filter ] --START--
INFO: Run Behavior\ContentReplaceBehavior [ RunTime:0.000024s ]
INFO: [ template_filter ] --END-- [ RunTime:0.000045s ]
INFO: Run Behavior\ParseTemplateBehavior [ RunTime:0.003495s ]
INFO: [ view_parse ] --END-- [ RunTime:0.003518s ]
INFO: [ view_filter ] --START--
INFO: Run Behavior\WriteHtmlCacheBehavior [ RunTime:0.000096s ]
INFO: [ view_filter ] --END-- [ RunTime:0.000113s ]
INFO: [ app_end ] --START--
INFO: Run Behavior\ShowPageTraceBehavior [ RunTime:0.000269s ]
INFO: [ app_end ] --END-- [ RunTime:0.000289s ]

[ 2022-03-31T13:57:49+08:00 ] 223.96.66.10 /
INFO: [ app_init ] --START--
INFO: Run Behavior\BuildLiteBehavior [ RunTime:0.000006s ]
INFO: [ app_init ] --END-- [ RunTime:0.000164s ]
INFO: [ app_begin ] --START--
INFO: Run Behavior\ReadHtmlCacheBehavior [ RunTime:0.000282s ]
INFO: [ app_begin ] --END-- [ RunTime:0.000309s ]
INFO: [ view_parse ] --START--
INFO: [ template_filter ] --START--
INFO: Run Behavior\ContentReplaceBehavior [ RunTime:0.000022s ]
INFO: [ template_filter ] --END-- [ RunTime:0.000048s ]
INFO: Run Behavior\ParseTemplateBehavior [ RunTime:0.002873s ]
INFO: [ view_parse ] --END-- [ RunTime:0.002895s ]
INFO: [ view_filter ] --START--
INFO: Run Behavior\WriteHtmlCacheBehavior [ RunTime:0.000086s ]
INFO: [ view_filter ] --END-- [ RunTime:0.000101s ]
INFO: [ app_end ] --START--
INFO: Run Behavior\ShowPageTraceBehavior [ RunTime:0.000221s ]
INFO: [ app_end ] --END-- [ RunTime:0.000239s ]

[ 2022-03-31T13:58:15+08:00 ] 223.96.66.10 /index.php/Index/loginHandle.html
INFO: [ app_init ] --START--
INFO: Run Behavior\BuildLiteBehavior [ RunTime:0.000007s ]
INFO: [ app_init ] --END-- [ RunTime:0.000161s ]
INFO: [ app_begin ] --START--
INFO: Run Behavior\ReadHtmlCacheBehavior [ RunTime:0.000226s ]
INFO: [ app_begin ] --END-- [ RunTime:0.000248s ]
NOTIC: [8192] mysql_connect(): The mysql extension is deprecated and will be removed in the future: use mysqli or PDO instead /www/wwwroot/nj.imlsr.top/ThinkPHP/Library/Think/Db/Driver/Mysql.class.php 第 52 行.
SQL: SHOW COLUMNS FROM `people` [ RunTime:0.000451s ]
SQL: SELECT * FROM `people` WHERE ( `name` = '吕忻洋' ) LIMIT 1   [ RunTime:0.000143s ]
SQL: SHOW COLUMNS FROM `time` [ RunTime:0.000281s ]
SQL: SELECT * FROM `time` WHERE ( `people_id` = 15 )  [ RunTime:0.000140s ]
SQL: UPDATE `time` SET `endTime`=1648706295 WHERE ( `id` = 115 ) [ RunTime:0.006982s ]
INFO: [ view_parse ] --START--
INFO: [ template_filter ] --START--
INFO: Run Behavior\ContentReplaceBehavior [ RunTime:0.000015s ]
INFO: [ template_filter ] --END-- [ RunTime:0.000037s ]
INFO: Run Behavior\ParseTemplateBehavior [ RunTime:0.002733s ]
INFO: [ view_parse ] --END-- [ RunTime:0.002760s ]
INFO: [ view_filter ] --START--
INFO: Run Behavior\WriteHtmlCacheBehavior [ RunTime:0.000104s ]
INFO: [ view_filter ] --END-- [ RunTime:0.000122s ]
INFO: [ app_end ] --START--
INFO: Run Behavior\ShowPageTraceBehavior [ RunTime:0.000270s ]
INFO: [ app_end ] --END-- [ RunTime:0.000288s ]

[ 2022-03-31T13:58:20+08:00 ] 223.96.66.10 /index.php/Index/day.html?name=%E5%90%95%E5%BF%BB%E6%B4%8B
INFO: [ app_init ] --START--
INFO: Run Behavior\BuildLiteBehavior [ RunTime:0.000007s ]
INFO: [ app_init ] --END-- [ RunTime:0.000248s ]
INFO: [ app_begin ] --START--
INFO: Run Behavior\ReadHtmlCacheBehavior [ RunTime:0.000326s ]
INFO: [ app_begin ] --END-- [ RunTime:0.000357s ]
NOTIC: [8192] mysql_connect(): The mysql extension is deprecated and will be removed in the future: use mysqli or PDO instead /www/wwwroot/nj.imlsr.top/ThinkPHP/Library/Think/Db/Driver/Mysql.class.php 第 52 行.
SQL: SHOW COLUMNS FROM `people` [ RunTime:0.000500s ]
SQL: SELECT * FROM `people`  [ RunTime:0.000169s ]
SQL: SHOW COLUMNS FROM `time` [ RunTime:0.000353s ]
SQL: SELECT * FROM `time` WHERE ( `people_id` = 14 )  [ RunTime:0.000199s ]
SQL: SELECT * FROM `time` WHERE ( `people_id` = 15 )  [ RunTime:0.000174s ]
SQL: SELECT * FROM `time` WHERE ( `people_id` = 16 )  [ RunTime:0.000169s ]
SQL: SELECT * FROM `time` WHERE ( `people_id` = 17 )  [ RunTime:0.000200s ]
SQL: SELECT * FROM `time` WHERE ( `people_id` = 18 )  [ RunTime:0.000172s ]
SQL: SELECT * FROM `time` WHERE ( `people_id` = 19 )  [ RunTime:0.000169s ]
SQL: SELECT * FROM `time` WHERE ( `people_id` = 20 )  [ RunTime:0.000183s ]
SQL: SELECT * FROM `time` WHERE ( `people_id` = 21 )  [ RunTime:0.000180s ]
INFO: [ view_parse ] --START--
INFO: [ template_filter ] --START--
INFO: Run Behavior\ContentReplaceBehavior [ RunTime:0.000027s ]
INFO: [ template_filter ] --END-- [ RunTime:0.000048s ]
INFO: Run Behavior\ParseTemplateBehavior [ RunTime:0.003980s ]
INFO: [ view_parse ] --END-- [ RunTime:0.004002s ]
INFO: [ view_filter ] --START--
INFO: Run Behavior\WriteHtmlCacheBehavior [ RunTime:0.000095s ]
INFO: [ view_filter ] --END-- [ RunTime:0.000112s ]
INFO: [ app_end ] --START--
INFO: Run Behavior\ShowPageTraceBehavior [ RunTime:0.000259s ]
INFO: [ app_end ] --END-- [ RunTime:0.000277s ]

[ 2022-03-31T13:58:53+08:00 ] 222.134.125.46 /
INFO: [ app_init ] --START--
INFO: Run Behavior\BuildLiteBehavior [ RunTime:0.000006s ]
INFO: [ app_init ] --END-- [ RunTime:0.000154s ]
INFO: [ app_begin ] --START--
INFO: Run Behavior\ReadHtmlCacheBehavior [ RunTime:0.000212s ]
INFO: [ app_begin ] --END-- [ RunTime:0.000231s ]
INFO: [ view_parse ] --START--
INFO: [ template_filter ] --START--
INFO: Run Behavior\ContentReplaceBehavior [ RunTime:0.000016s ]
INFO: [ template_filter ] --END-- [ RunTime:0.000037s ]
INFO: Run Behavior\ParseTemplateBehavior [ RunTime:0.002604s ]
INFO: [ view_parse ] --END-- [ RunTime:0.002627s ]
INFO: [ view_filter ] --START--
INFO: Run Behavior\WriteHtmlCacheBehavior [ RunTime:0.000097s ]
INFO: [ view_filter ] --END-- [ RunTime:0.000133s ]
INFO: [ app_end ] --START--
INFO: Run Behavior\ShowPageTraceBehavior [ RunTime:0.000248s ]
INFO: [ app_end ] --END-- [ RunTime:0.000265s ]

[ 2022-03-31T13:58:59+08:00 ] 222.134.125.46 /index.php/Index/loginHandle.html
INFO: [ app_init ] --START--
INFO: Run Behavior\BuildLiteBehavior [ RunTime:0.000019s ]
INFO: [ app_init ] --END-- [ RunTime:0.000175s ]
INFO: [ app_begin ] --START--
INFO: Run Behavior\ReadHtmlCacheBehavior [ RunTime:0.000213s ]
INFO: [ app_begin ] --END-- [ RunTime:0.000233s ]
NOTIC: [8192] mysql_connect(): The mysql extension is deprecated and will be removed in the future: use mysqli or PDO instead /www/wwwroot/nj.imlsr.top/ThinkPHP/Library/Think/Db/Driver/Mysql.class.php 第 52 行.
SQL: SHOW COLUMNS FROM `people` [ RunTime:0.000456s ]
SQL: SELECT * FROM `people` WHERE ( `name` = '王大为' ) LIMIT 1   [ RunTime:0.000146s ]
SQL: SHOW COLUMNS FROM `time` [ RunTime:0.000272s ]
SQL: SELECT * FROM `time` WHERE ( `people_id` = 17 )  [ RunTime:0.000158s ]
SQL: UPDATE `time` SET `endTime`=1648706339 WHERE ( `id` = 114 ) [ RunTime:0.004035s ]
INFO: [ view_parse ] --START--
INFO: [ template_filter ] --START--
INFO: Run Behavior\ContentReplaceBehavior [ RunTime:0.000013s ]
INFO: [ template_filter ] --END-- [ RunTime:0.000035s ]
INFO: Run Behavior\ParseTemplateBehavior [ RunTime:0.002809s ]
INFO: [ view_parse ] --END-- [ RunTime:0.002834s ]
INFO: [ view_filter ] --START--
INFO: Run Behavior\WriteHtmlCacheBehavior [ RunTime:0.000084s ]
INFO: [ view_filter ] --END-- [ RunTime:0.000101s ]
INFO: [ app_end ] --START--
INFO: Run Behavior\ShowPageTraceBehavior [ RunTime:0.000221s ]
INFO: [ app_end ] --END-- [ RunTime:0.000238s ]

[ 2022-03-31T13:59:04+08:00 ] 222.134.125.46 /index.php/Index/day.html?name=%E7%8E%8B%E5%A4%A7%E4%B8%BA
INFO: [ app_init ] --START--
INFO: Run Behavior\BuildLiteBehavior [ RunTime:0.000006s ]
INFO: [ app_init ] --END-- [ RunTime:0.000156s ]
INFO: [ app_begin ] --START--
INFO: Run Behavior\ReadHtmlCacheBehavior [ RunTime:0.000213s ]
INFO: [ app_begin ] --END-- [ RunTime:0.000233s ]
NOTIC: [8192] mysql_connect(): The mysql extension is deprecated and will be removed in the future: use mysqli or PDO instead /www/wwwroot/nj.imlsr.top/ThinkPHP/Library/Think/Db/Driver/Mysql.class.php 第 52 行.
SQL: SHOW COLUMNS FROM `people` [ RunTime:0.000462s ]
SQL: SELECT * FROM `people`  [ RunTime:0.000137s ]
SQL: SHOW COLUMNS FROM `time` [ RunTime:0.000301s ]
SQL: SELECT * FROM `time` WHERE ( `people_id` = 14 )  [ RunTime:0.000187s ]
SQL: SELECT * FROM `time` WHERE ( `people_id` = 15 )  [ RunTime:0.000138s ]
SQL: SELECT * FROM `time` WHERE ( `people_id` = 16 )  [ RunTime:0.000136s ]
SQL: SELECT * FROM `time` WHERE ( `people_id` = 17 )  [ RunTime:0.000135s ]
SQL: SELECT * FROM `time` WHERE ( `people_id` = 18 )  [ RunTime:0.000153s ]
SQL: SELECT * FROM `time` WHERE ( `people_id` = 19 )  [ RunTime:0.000135s ]
SQL: SELECT * FROM `time` WHERE ( `people_id` = 20 )  [ RunTime:0.000133s ]
SQL: SELECT * FROM `time` WHERE ( `people_id` = 21 )  [ RunTime:0.000133s ]
INFO: [ view_parse ] --START--
INFO: [ template_filter ] --START--
INFO: Run Behavior\ContentReplaceBehavior [ RunTime:0.000023s ]
INFO: [ template_filter ] --END-- [ RunTime:0.000043s ]
INFO: Run Behavior\ParseTemplateBehavior [ RunTime:0.003305s ]
INFO: [ view_parse ] --END-- [ RunTime:0.003328s ]
INFO: [ view_filter ] --START--
INFO: Run Behavior\WriteHtmlCacheBehavior [ RunTime:0.000097s ]
INFO: [ view_filter ] --END-- [ RunTime:0.000112s ]
INFO: [ app_end ] --START--
INFO: Run Behavior\ShowPageTraceBehavior [ RunTime:0.000225s ]
INFO: [ app_end ] --END-- [ RunTime:0.000242s ]

[ 2022-03-31T14:03:43+08:00 ] 223.96.64.179 /
INFO: [ app_init ] --START--
INFO: Run Behavior\BuildLiteBehavior [ RunTime:0.000006s ]
INFO: [ app_init ] --END-- [ RunTime:0.000170s ]
INFO: [ app_begin ] --START--
INFO: Run Behavior\ReadHtmlCacheBehavior [ RunTime:0.000235s ]
INFO: [ app_begin ] --END-- [ RunTime:0.000264s ]
INFO: [ view_parse ] --START--
INFO: [ template_filter ] --START--
INFO: Run Behavior\ContentReplaceBehavior [ RunTime:0.000015s ]
INFO: [ template_filter ] --END-- [ RunTime:0.000036s ]
INFO: Run Behavior\ParseTemplateBehavior [ RunTime:0.002604s ]
INFO: [ view_parse ] --END-- [ RunTime:0.002627s ]
INFO: [ view_filter ] --START--
INFO: Run Behavior\WriteHtmlCacheBehavior [ RunTime:0.000087s ]
INFO: [ view_filter ] --END-- [ RunTime:0.000102s ]
INFO: [ app_end ] --START--
INFO: Run Behavior\ShowPageTraceBehavior [ RunTime:0.000241s ]
INFO: [ app_end ] --END-- [ RunTime:0.000260s ]

[ 2022-03-31T14:04:02+08:00 ] 223.96.64.179 /index.php/Index/loginHandle.html
INFO: [ app_init ] --START--
INFO: Run Behavior\BuildLiteBehavior [ RunTime:0.000006s ]
INFO: [ app_init ] --END-- [ RunTime:0.000157s ]
INFO: [ app_begin ] --START--
INFO: Run Behavior\ReadHtmlCacheBehavior [ RunTime:0.000214s ]
INFO: [ app_begin ] --END-- [ RunTime:0.000235s ]
NOTIC: [8192] mysql_connect(): The mysql extension is deprecated and will be removed in the future: use mysqli or PDO instead /www/wwwroot/nj.imlsr.top/ThinkPHP/Library/Think/Db/Driver/Mysql.class.php 第 52 行.
SQL: SHOW COLUMNS FROM `people` [ RunTime:0.000451s ]
SQL: SELECT * FROM `people` WHERE ( `name` = '姜博涵' ) LIMIT 1   [ RunTime:0.000159s ]
SQL: SHOW COLUMNS FROM `time` [ RunTime:0.000317s ]
SQL: SELECT * FROM `time` WHERE ( `people_id` = 21 )  [ RunTime:0.000148s ]
SQL: UPDATE `time` SET `endTime`=1648706642 WHERE ( `id` = 119 ) [ RunTime:0.003580s ]
INFO: [ view_parse ] --START--
INFO: [ template_filter ] --START--
INFO: Run Behavior\ContentReplaceBehavior [ RunTime:0.000018s ]
INFO: [ template_filter ] --END-- [ RunTime:0.000041s ]
INFO: Run Behavior\ParseTemplateBehavior [ RunTime:0.002853s ]
INFO: [ view_parse ] --END-- [ RunTime:0.002877s ]
INFO: [ view_filter ] --START--
INFO: Run Behavior\WriteHtmlCacheBehavior [ RunTime:0.000101s ]
INFO: [ view_filter ] --END-- [ RunTime:0.000118s ]
INFO: [ app_end ] --START--
INFO: Run Behavior\ShowPageTraceBehavior [ RunTime:0.000247s ]
INFO: [ app_end ] --END-- [ RunTime:0.000266s ]

[ 2022-03-31T14:13:00+08:00 ] 223.96.64.15 /
INFO: [ app_init ] --START--
INFO: Run Behavior\BuildLiteBehavior [ RunTime:0.000006s ]
INFO: [ app_init ] --END-- [ RunTime:0.000155s ]
INFO: [ app_begin ] --START--
INFO: Run Behavior\ReadHtmlCacheBehavior [ RunTime:0.000214s ]
INFO: [ app_begin ] --END-- [ RunTime:0.000235s ]
INFO: [ view_parse ] --START--
INFO: [ template_filter ] --START--
INFO: Run Behavior\ContentReplaceBehavior [ RunTime:0.000015s ]
INFO: [ template_filter ] --END-- [ RunTime:0.000036s ]
INFO: Run Behavior\ParseTemplateBehavior [ RunTime:0.002681s ]
INFO: [ view_parse ] --END-- [ RunTime:0.002706s ]
INFO: [ view_filter ] --START--
INFO: Run Behavior\WriteHtmlCacheBehavior [ RunTime:0.000112s ]
INFO: [ view_filter ] --END-- [ RunTime:0.000132s ]
INFO: [ app_end ] --START--
INFO: Run Behavior\ShowPageTraceBehavior [ RunTime:0.000228s ]
INFO: [ app_end ] --END-- [ RunTime:0.000246s ]

[ 2022-03-31T14:32:32+08:00 ] 223.96.67.63 /
INFO: [ app_init ] --START--
INFO: Run Behavior\BuildLiteBehavior [ RunTime:0.000005s ]
INFO: [ app_init ] --END-- [ RunTime:0.000162s ]
INFO: [ app_begin ] --START--
INFO: Run Behavior\ReadHtmlCacheBehavior [ RunTime:0.000250s ]
INFO: [ app_begin ] --END-- [ RunTime:0.000275s ]
INFO: [ view_parse ] --START--
INFO: [ template_filter ] --START--
INFO: Run Behavior\ContentReplaceBehavior [ RunTime:0.000016s ]
INFO: [ template_filter ] --END-- [ RunTime:0.000037s ]
INFO: Run Behavior\ParseTemplateBehavior [ RunTime:0.002598s ]
INFO: [ view_parse ] --END-- [ RunTime:0.002628s ]
INFO: [ view_filter ] --START--
INFO: Run Behavior\WriteHtmlCacheBehavior [ RunTime:0.000114s ]
INFO: [ view_filter ] --END-- [ RunTime:0.000139s ]
INFO: [ app_end ] --START--
INFO: Run Behavior\ShowPageTraceBehavior [ RunTime:0.000223s ]
INFO: [ app_end ] --END-- [ RunTime:0.000240s ]

[ 2022-03-31T14:32:36+08:00 ] 223.96.67.63 /index.php/Index/loginHandle.html
INFO: [ app_init ] --START--
INFO: Run Behavior\BuildLiteBehavior [ RunTime:0.000006s ]
INFO: [ app_init ] --END-- [ RunTime:0.000171s ]
INFO: [ app_begin ] --START--
INFO: Run Behavior\ReadHtmlCacheBehavior [ RunTime:0.000211s ]
INFO: [ app_begin ] --END-- [ RunTime:0.000232s ]
NOTIC: [8192] mysql_connect(): The mysql extension is deprecated and will be removed in the future: use mysqli or PDO instead /www/wwwroot/nj.imlsr.top/ThinkPHP/Library/Think/Db/Driver/Mysql.class.php 第 52 行.
SQL: SHOW COLUMNS FROM `people` [ RunTime:0.000412s ]
SQL: SELECT * FROM `people` WHERE ( `name` = '郭风尧' ) LIMIT 1   [ RunTime:0.000147s ]
SQL: SHOW COLUMNS FROM `time` [ RunTime:0.000290s ]
SQL: SELECT * FROM `time` WHERE ( `people_id` = 18 )  [ RunTime:0.000144s ]
SQL: UPDATE `time` SET `endTime`=1648708356 WHERE ( `id` = 116 ) [ RunTime:0.003671s ]
INFO: [ view_parse ] --START--
INFO: [ template_filter ] --START--
INFO: Run Behavior\ContentReplaceBehavior [ RunTime:0.000014s ]
INFO: [ template_filter ] --END-- [ RunTime:0.000034s ]
INFO: Run Behavior\ParseTemplateBehavior [ RunTime:0.002607s ]
INFO: [ view_parse ] --END-- [ RunTime:0.002631s ]
INFO: [ view_filter ] --START--
INFO: Run Behavior\WriteHtmlCacheBehavior [ RunTime:0.000084s ]
INFO: [ view_filter ] --END-- [ RunTime:0.000099s ]
INFO: [ app_end ] --START--
INFO: Run Behavior\ShowPageTraceBehavior [ RunTime:0.000266s ]
INFO: [ app_end ] --END-- [ RunTime:0.000286s ]

